INFO:werkzeug: * Running on http://127.0.0.1:5000/ (Press CTRL+C to quit)
INFO:root:Main page accessed.
INFO:werkzeug:127.0.0.1 - - [04/Dec/2020 01:14:09] "[37mGET /index HTTP/1.1[0m" 200 -
INFO:root:Main page accessed.
INFO:root:Alarm has been added.
INFO:werkzeug:127.0.0.1 - - [04/Dec/2020 01:14:20] "[37mGET /index?alarm=2020-12-04T01%3A16&two=Okay+im+done+with+this+stuff HTTP/1.1[0m" 200 -
INFO:root:Main page accessed.
INFO:root:Alarm has been added.
INFO:werkzeug:127.0.0.1 - - [04/Dec/2020 01:14:30] "[37mGET /index?alarm=2020-12-04T01%3A16&two=sdfafdasfasdf&news=news&weather=weather HTTP/1.1[0m" 200 -
INFO:root:Main page accessed.
DEBUG:comtypes:CoInitializeEx(None, 2)
INFO:comtypes.client._code_cache:Imported existing <module 'comtypes.gen' from 'C:\\Users\\yusuf\\AppData\\Local\\Packages\\PythonSoftwareFoundation.Python.3.8_qbz5n2kfra8p0\\LocalCache\\local-packages\\Python38\\site-packages\\comtypes\\gen\\__init__.py'>
INFO:comtypes.client._code_cache:Using writeable comtypes cache directory: 'C:\Users\yusuf\AppData\Local\Packages\PythonSoftwareFoundation.Python.3.8_qbz5n2kfra8p0\LocalCache\local-packages\Python38\site-packages\comtypes\gen'
DEBUG:comtypes.client:SAPI.SPVoice -> {96749377-3391-11D2-9EE3-00C04F797396}
DEBUG:comtypes.client:CoCreateInstance({96749377-3391-11D2-9EE3-00C04F797396}, clsctx=None, interface=None)
DEBUG:comtypes.client:GetBestInterface(<POINTER(IUnknown) ptr=0x2cd847024a0 at 2cd84448140>)
DEBUG:comtypes.client:Does implement IProvideClassInfo
DEBUG:comtypes.client:Default interface is {269316D8-57BD-11D2-9EEE-00C04F797396}
DEBUG:comtypes:Release <POINTER(IUnknown) ptr=0x2cd847024e0 at 2cd844485c0>
DEBUG:comtypes.client._generate:GetModule(TLIBATTR(GUID={C866CA3A-32F7-11D2-9602-00C04F8EE628}, Version=5.4, LCID=0, FLags=0x8))
DEBUG:comtypes.client:Implements default interface from typeinfo <class 'comtypes.gen._C866CA3A_32F7_11D2_9602_00C04F8EE628_0_5_4.ISpeechVoice'>
DEBUG:comtypes.client:Final result is <POINTER(ISpeechVoice) ptr=0x2cd847024e0 at 2cd84448540>
DEBUG:comtypes:Release <POINTER(IProvideClassInfo) ptr=0x2cd84702500 at 2cd844481c0>
DEBUG:comtypes:Release <POINTER(ITypeInfo) ptr=0x2cd822928d8 at 2cd84448240>
DEBUG:comtypes:Release <POINTER(ITypeInfo) ptr=0x2cd82292930 at 2cd844483c0>
DEBUG:comtypes:Release <POINTER(ITypeLib) ptr=0x2cdffe4cb60 at 2cd844485c0>
DEBUG:comtypes:Release <POINTER(IUnknown) ptr=0x2cd847024a0 at 2cd84448140>
DEBUG:comtypes.client._events:<POINTER(ISpeechVoice) ptr=0x2cd847024e0 at 2cd84448540> using sinkinterface from clsid <class 'comtypes.gen._C866CA3A_32F7_11D2_9602_00C04F8EE628_0_5_4._ISpeechVoiceEvents'>
DEBUG:comtypes:Release <POINTER(IProvideClassInfo2) ptr=0x2cd84702500 at 2cd84448140>
DEBUG:comtypes._comobject:<comtypes.client._events.CreateEventReceiver.<locals>.Sink object at 0x000002CDE3A056D0>: _ISpeechVoiceEvents.VoiceChange not implemented
DEBUG:comtypes._comobject:<comtypes.client._events.CreateEventReceiver.<locals>.Sink object at 0x000002CDE3A056D0>: _ISpeechVoiceEvents.Bookmark not implemented
DEBUG:comtypes._comobject:<comtypes.client._events.CreateEventReceiver.<locals>.Sink object at 0x000002CDE3A056D0>: _ISpeechVoiceEvents.Word not implemented
DEBUG:comtypes._comobject:<comtypes.client._events.CreateEventReceiver.<locals>.Sink object at 0x000002CDE3A056D0>: _ISpeechVoiceEvents.Sentence not implemented
DEBUG:comtypes._comobject:<comtypes.client._events.CreateEventReceiver.<locals>.Sink object at 0x000002CDE3A056D0>: _ISpeechVoiceEvents.Phoneme not implemented
DEBUG:comtypes._comobject:<comtypes.client._events.CreateEventReceiver.<locals>.Sink object at 0x000002CDE3A056D0>: _ISpeechVoiceEvents.Viseme not implemented
DEBUG:comtypes._comobject:<comtypes.client._events.CreateEventReceiver.<locals>.Sink object at 0x000002CDE3A056D0>: _ISpeechVoiceEvents.AudioLevel not implemented
DEBUG:comtypes._comobject:<comtypes.client._events.CreateEventReceiver.<locals>.Sink object at 0x000002CDE3A056D0>: _ISpeechVoiceEvents.EnginePrivate not implemented
DEBUG:comtypes.client._events:Start advise <class 'comtypes.gen._C866CA3A_32F7_11D2_9602_00C04F8EE628_0_5_4._ISpeechVoiceEvents'>
DEBUG:comtypes._comobject:<comtypes.client._events.CreateEventReceiver.<locals>.Sink object at 0x000002CDE3A056D0>.QueryInterface({A372ACD1-3BEF-4BBD-8FFB-CB3E2B416AF8}) -> S_OK
DEBUG:comtypes._comobject:1 active COM objects: Added   <comtypes.client._events.CreateEventReceiver.<locals>.Sink object at 0x000002CDE3A056D0>
DEBUG:comtypes._comobject:<comtypes.client._events.CreateEventReceiver.<locals>.Sink object at 0x000002CDE3A056D0>.AddRef() -> 1
DEBUG:comtypes:Release <POINTER(IConnectionPointContainer) ptr=0x2cd84702508 at 2cd844487c0>
DEBUG:comtypes.client:wrap_outparam(<POINTER(ISpeechObjectToken) ptr=0x2cd847058c0 at 2cd844487c0>)
DEBUG:comtypes:Release <POINTER(ISpeechObjectToken) ptr=0x2cd847058c0 at 2cd844487c0>
DEBUG:comtypes.client:wrap_outparam(<POINTER(ISpeechObjectTokens) ptr=0x2cd84707170 at 2cd844487c0>)
DEBUG:comtypes:Release <POINTER(IUnknown) ptr=0x2cd847072a0 at 2cd84448940>
DEBUG:comtypes.client:wrap_outparam(<POINTER(IDispatch) ptr=0x2cd84707380 at 2cd84448a40>)
DEBUG:comtypes.client:GetBestInterface(<POINTER(IDispatch) ptr=0x2cd84707380 at 2cd84448a40>)
DEBUG:comtypes.client:Does NOT implement IProvideClassInfo, trying IProvideClassInfo2
DEBUG:comtypes.client:Does NOT implement IProvideClassInfo/IProvideClassInfo2
DEBUG:comtypes:Release <POINTER(IUnknown) ptr=0x2cd822929e0 at 2cd84448c40>
DEBUG:comtypes.client:Default interface is {C74A3ADC-B727-4500-A84A-B526721C8B8C}
DEBUG:comtypes:Release <POINTER(IUnknown) ptr=0x2cd84707380 at 2cd84448d40>
DEBUG:comtypes.client._generate:GetModule(TLIBATTR(GUID={C866CA3A-32F7-11D2-9602-00C04F8EE628}, Version=5.4, LCID=0, FLags=0x8))
DEBUG:comtypes.client:Implements default interface from typeinfo <class 'comtypes.gen._C866CA3A_32F7_11D2_9602_00C04F8EE628_0_5_4.ISpeechObjectToken'>
DEBUG:comtypes.client:Final result is <POINTER(ISpeechObjectToken) ptr=0x2cd84707380 at 2cd84448c40>
DEBUG:comtypes:Release <POINTER(IDispatch) ptr=0x2cd84707380 at 2cd84448bc0>
DEBUG:comtypes:Release <POINTER(ITypeInfo) ptr=0x2cd822929e0 at 2cd84448cc0>
DEBUG:comtypes:Release <POINTER(ITypeLib) ptr=0x2cdffe4cb60 at 2cd84448d40>
DEBUG:comtypes:Release <POINTER(IDispatch) ptr=0x2cd84707380 at 2cd84448a40>
DEBUG:comtypes:Release <POINTER(IEnumVARIANT) ptr=0x2cd847072a0 at 2cd844488c0>
DEBUG:comtypes:Release <POINTER(ISpeechObjectTokens) ptr=0x2cd84707170 at 2cd844487c0>
DEBUG:comtypes:Release <POINTER(ISpeechObjectToken) ptr=0x2cd84707380 at 2cd84448c40>
DEBUG:comtypes._comobject:<comtypes.client._events.CreateEventReceiver.<locals>.Sink object at 0x000002CDE3A056D0>.AddRef() -> 2
DEBUG:comtypes._comobject:<comtypes.client._events.CreateEventReceiver.<locals>.Sink object at 0x000002CDE3A056D0>.Release() -> 1
DEBUG:comtypes._comobject:<comtypes.client._events.CreateEventReceiver.<locals>.Sink object at 0x000002CDE3A056D0>.AddRef() -> 2
DEBUG:comtypes.client:wrap_outparam(<POINTER(IDispatch) ptr=0x2cd84705710 at 2cd84448b40>)
DEBUG:comtypes.client:GetBestInterface(<POINTER(IDispatch) ptr=0x2cd84705710 at 2cd84448b40>)
DEBUG:comtypes.client:Does NOT implement IProvideClassInfo, trying IProvideClassInfo2
DEBUG:comtypes.client:Does NOT implement IProvideClassInfo/IProvideClassInfo2
DEBUG:comtypes:Release <POINTER(IUnknown) ptr=0x2cd822929e0 at 2cd84448e40>
DEBUG:comtypes.client:Default interface is {C74A3ADC-B727-4500-A84A-B526721C8B8C}
DEBUG:comtypes:Release <POINTER(IUnknown) ptr=0x2cd84705710 at 2cd84448f40>
DEBUG:comtypes.client._generate:GetModule(TLIBATTR(GUID={C866CA3A-32F7-11D2-9602-00C04F8EE628}, Version=5.4, LCID=0, FLags=0x8))
DEBUG:comtypes.client:Implements default interface from typeinfo <class 'comtypes.gen._C866CA3A_32F7_11D2_9602_00C04F8EE628_0_5_4.ISpeechObjectToken'>
DEBUG:comtypes.client:Final result is <POINTER(ISpeechObjectToken) ptr=0x2cd84705710 at 2cd84448e40>
DEBUG:comtypes:Release <POINTER(IDispatch) ptr=0x2cd84705710 at 2cd84448dc0>
DEBUG:comtypes:Release <POINTER(ITypeInfo) ptr=0x2cd822929e0 at 2cd84448ec0>
DEBUG:comtypes:Release <POINTER(ITypeLib) ptr=0x2cdffe4cb60 at 2cd84448f40>
DEBUG:comtypes:Release <POINTER(IDispatch) ptr=0x2cd84705710 at 2cd84448b40>
DEBUG:comtypes._comobject:unimplemented method _ISpeechVoiceEvents_VoiceChange called
DEBUG:comtypes:Release <POINTER(ISpeechObjectToken) ptr=0x2cd84705710 at 2cd84448e40>
DEBUG:comtypes._comobject:<comtypes.client._events.CreateEventReceiver.<locals>.Sink object at 0x000002CDE3A056D0>.Release() -> 1
DEBUG:comtypes._comobject:<comtypes.client._events.CreateEventReceiver.<locals>.Sink object at 0x000002CDE3A056D0>.AddRef() -> 2
DEBUG:comtypes._comobject:unimplemented method _ISpeechVoiceEvents_Sentence called
DEBUG:comtypes._comobject:<comtypes.client._events.CreateEventReceiver.<locals>.Sink object at 0x000002CDE3A056D0>.Release() -> 1
DEBUG:comtypes._comobject:<comtypes.client._events.CreateEventReceiver.<locals>.Sink object at 0x000002CDE3A056D0>.AddRef() -> 2
DEBUG:comtypes._comobject:unimplemented method _ISpeechVoiceEvents_Phoneme called
DEBUG:comtypes._comobject:<comtypes.client._events.CreateEventReceiver.<locals>.Sink object at 0x000002CDE3A056D0>.Release() -> 1
DEBUG:comtypes._comobject:<comtypes.client._events.CreateEventReceiver.<locals>.Sink object at 0x000002CDE3A056D0>.AddRef() -> 2
DEBUG:comtypes._comobject:unimplemented method _ISpeechVoiceEvents_Viseme called
DEBUG:comtypes._comobject:<comtypes.client._events.CreateEventReceiver.<locals>.Sink object at 0x000002CDE3A056D0>.Release() -> 1
DEBUG:comtypes._comobject:<comtypes.client._events.CreateEventReceiver.<locals>.Sink object at 0x000002CDE3A056D0>.AddRef() -> 2
DEBUG:comtypes._comobject:unimplemented method _ISpeechVoiceEvents_Word called
DEBUG:comtypes._comobject:<comtypes.client._events.CreateEventReceiver.<locals>.Sink object at 0x000002CDE3A056D0>.Release() -> 1
DEBUG:comtypes._comobject:<comtypes.client._events.CreateEventReceiver.<locals>.Sink object at 0x000002CDE3A056D0>.AddRef() -> 2
DEBUG:comtypes._comobject:unimplemented method _ISpeechVoiceEvents_Phoneme called
DEBUG:comtypes._comobject:<comtypes.client._events.CreateEventReceiver.<locals>.Sink object at 0x000002CDE3A056D0>.Release() -> 1
DEBUG:comtypes._comobject:<comtypes.client._events.CreateEventReceiver.<locals>.Sink object at 0x000002CDE3A056D0>.AddRef() -> 2
DEBUG:comtypes._comobject:unimplemented method _ISpeechVoiceEvents_Viseme called
DEBUG:comtypes._comobject:<comtypes.client._events.CreateEventReceiver.<locals>.Sink object at 0x000002CDE3A056D0>.Release() -> 1
DEBUG:comtypes._comobject:<comtypes.client._events.CreateEventReceiver.<locals>.Sink object at 0x000002CDE3A056D0>.AddRef() -> 2
DEBUG:comtypes._comobject:unimplemented method _ISpeechVoiceEvents_Phoneme called
DEBUG:comtypes._comobject:<comtypes.client._events.CreateEventReceiver.<locals>.Sink object at 0x000002CDE3A056D0>.Release() -> 1
DEBUG:comtypes._comobject:<comtypes.client._events.CreateEventReceiver.<locals>.Sink object at 0x000002CDE3A056D0>.AddRef() -> 2
DEBUG:comtypes._comobject:unimplemented method _ISpeechVoiceEvents_Viseme called
DEBUG:comtypes._comobject:<comtypes.client._events.CreateEventReceiver.<locals>.Sink object at 0x000002CDE3A056D0>.Release() -> 1
DEBUG:comtypes._comobject:<comtypes.client._events.CreateEventReceiver.<locals>.Sink object at 0x000002CDE3A056D0>.AddRef() -> 2
DEBUG:comtypes._comobject:unimplemented method _ISpeechVoiceEvents_Phoneme called
DEBUG:comtypes._comobject:<comtypes.client._events.CreateEventReceiver.<locals>.Sink object at 0x000002CDE3A056D0>.Release() -> 1
DEBUG:comtypes._comobject:<comtypes.client._events.CreateEventReceiver.<locals>.Sink object at 0x000002CDE3A056D0>.AddRef() -> 2
DEBUG:comtypes._comobject:unimplemented method _ISpeechVoiceEvents_Viseme called
DEBUG:comtypes._comobject:<comtypes.client._events.CreateEventReceiver.<locals>.Sink object at 0x000002CDE3A056D0>.Release() -> 1
DEBUG:comtypes._comobject:<comtypes.client._events.CreateEventReceiver.<locals>.Sink object at 0x000002CDE3A056D0>.AddRef() -> 2
DEBUG:comtypes._comobject:unimplemented method _ISpeechVoiceEvents_Viseme called
DEBUG:comtypes._comobject:<comtypes.client._events.CreateEventReceiver.<locals>.Sink object at 0x000002CDE3A056D0>.Release() -> 1
DEBUG:comtypes._comobject:<comtypes.client._events.CreateEventReceiver.<locals>.Sink object at 0x000002CDE3A056D0>.AddRef() -> 2
DEBUG:comtypes._comobject:unimplemented method _ISpeechVoiceEvents_Word called
DEBUG:comtypes._comobject:<comtypes.client._events.CreateEventReceiver.<locals>.Sink object at 0x000002CDE3A056D0>.Release() -> 1
DEBUG:comtypes._comobject:<comtypes.client._events.CreateEventReceiver.<locals>.Sink object at 0x000002CDE3A056D0>.AddRef() -> 2
DEBUG:comtypes._comobject:unimplemented method _ISpeechVoiceEvents_Phoneme called
DEBUG:comtypes._comobject:<comtypes.client._events.CreateEventReceiver.<locals>.Sink object at 0x000002CDE3A056D0>.Release() -> 1
DEBUG:comtypes._comobject:<comtypes.client._events.CreateEventReceiver.<locals>.Sink object at 0x000002CDE3A056D0>.AddRef() -> 2
DEBUG:comtypes._comobject:unimplemented method _ISpeechVoiceEvents_Viseme called
DEBUG:comtypes._comobject:<comtypes.client._events.CreateEventReceiver.<locals>.Sink object at 0x000002CDE3A056D0>.Release() -> 1
DEBUG:comtypes._comobject:<comtypes.client._events.CreateEventReceiver.<locals>.Sink object at 0x000002CDE3A056D0>.AddRef() -> 2
DEBUG:comtypes._comobject:unimplemented method _ISpeechVoiceEvents_Viseme called
DEBUG:comtypes._comobject:<comtypes.client._events.CreateEventReceiver.<locals>.Sink object at 0x000002CDE3A056D0>.Release() -> 1
DEBUG:comtypes._comobject:<comtypes.client._events.CreateEventReceiver.<locals>.Sink object at 0x000002CDE3A056D0>.AddRef() -> 2
DEBUG:comtypes._comobject:unimplemented method _ISpeechVoiceEvents_Phoneme called
DEBUG:comtypes._comobject:<comtypes.client._events.CreateEventReceiver.<locals>.Sink object at 0x000002CDE3A056D0>.Release() -> 1
DEBUG:comtypes._comobject:<comtypes.client._events.CreateEventReceiver.<locals>.Sink object at 0x000002CDE3A056D0>.AddRef() -> 2
DEBUG:comtypes._comobject:unimplemented method _ISpeechVoiceEvents_Viseme called
DEBUG:comtypes._comobject:<comtypes.client._events.CreateEventReceiver.<locals>.Sink object at 0x000002CDE3A056D0>.Release() -> 1
DEBUG:comtypes._comobject:<comtypes.client._events.CreateEventReceiver.<locals>.Sink object at 0x000002CDE3A056D0>.AddRef() -> 2
DEBUG:comtypes._comobject:unimplemented method _ISpeechVoiceEvents_Word called
DEBUG:comtypes._comobject:<comtypes.client._events.CreateEventReceiver.<locals>.Sink object at 0x000002CDE3A056D0>.Release() -> 1
DEBUG:comtypes._comobject:<comtypes.client._events.CreateEventReceiver.<locals>.Sink object at 0x000002CDE3A056D0>.AddRef() -> 2
DEBUG:comtypes._comobject:unimplemented method _ISpeechVoiceEvents_Phoneme called
DEBUG:comtypes._comobject:<comtypes.client._events.CreateEventReceiver.<locals>.Sink object at 0x000002CDE3A056D0>.Release() -> 1
DEBUG:comtypes._comobject:<comtypes.client._events.CreateEventReceiver.<locals>.Sink object at 0x000002CDE3A056D0>.AddRef() -> 2
DEBUG:comtypes._comobject:unimplemented method _ISpeechVoiceEvents_Viseme called
DEBUG:comtypes._comobject:<comtypes.client._events.CreateEventReceiver.<locals>.Sink object at 0x000002CDE3A056D0>.Release() -> 1
DEBUG:comtypes._comobject:<comtypes.client._events.CreateEventReceiver.<locals>.Sink object at 0x000002CDE3A056D0>.AddRef() -> 2
DEBUG:comtypes._comobject:unimplemented method _ISpeechVoiceEvents_Phoneme called
DEBUG:comtypes._comobject:<comtypes.client._events.CreateEventReceiver.<locals>.Sink object at 0x000002CDE3A056D0>.Release() -> 1
DEBUG:comtypes._comobject:<comtypes.client._events.CreateEventReceiver.<locals>.Sink object at 0x000002CDE3A056D0>.AddRef() -> 2
DEBUG:comtypes._comobject:unimplemented method _ISpeechVoiceEvents_Viseme called
DEBUG:comtypes._comobject:<comtypes.client._events.CreateEventReceiver.<locals>.Sink object at 0x000002CDE3A056D0>.Release() -> 1
DEBUG:comtypes._comobject:<comtypes.client._events.CreateEventReceiver.<locals>.Sink object at 0x000002CDE3A056D0>.AddRef() -> 2
DEBUG:comtypes._comobject:unimplemented method _ISpeechVoiceEvents_Phoneme called
DEBUG:comtypes._comobject:<comtypes.client._events.CreateEventReceiver.<locals>.Sink object at 0x000002CDE3A056D0>.Release() -> 1
DEBUG:comtypes._comobject:<comtypes.client._events.CreateEventReceiver.<locals>.Sink object at 0x000002CDE3A056D0>.AddRef() -> 2
DEBUG:comtypes._comobject:unimplemented method _ISpeechVoiceEvents_Viseme called
DEBUG:comtypes._comobject:<comtypes.client._events.CreateEventReceiver.<locals>.Sink object at 0x000002CDE3A056D0>.Release() -> 1
DEBUG:comtypes._comobject:<comtypes.client._events.CreateEventReceiver.<locals>.Sink object at 0x000002CDE3A056D0>.AddRef() -> 2
DEBUG:comtypes._comobject:unimplemented method _ISpeechVoiceEvents_Word called
DEBUG:comtypes._comobject:<comtypes.client._events.CreateEventReceiver.<locals>.Sink object at 0x000002CDE3A056D0>.Release() -> 1
DEBUG:comtypes._comobject:<comtypes.client._events.CreateEventReceiver.<locals>.Sink object at 0x000002CDE3A056D0>.AddRef() -> 2
DEBUG:comtypes._comobject:unimplemented method _ISpeechVoiceEvents_Phoneme called
DEBUG:comtypes._comobject:<comtypes.client._events.CreateEventReceiver.<locals>.Sink object at 0x000002CDE3A056D0>.Release() -> 1
DEBUG:comtypes._comobject:<comtypes.client._events.CreateEventReceiver.<locals>.Sink object at 0x000002CDE3A056D0>.AddRef() -> 2
DEBUG:comtypes._comobject:unimplemented method _ISpeechVoiceEvents_Viseme called
DEBUG:comtypes._comobject:<comtypes.client._events.CreateEventReceiver.<locals>.Sink object at 0x000002CDE3A056D0>.Release() -> 1
DEBUG:comtypes._comobject:<comtypes.client._events.CreateEventReceiver.<locals>.Sink object at 0x000002CDE3A056D0>.AddRef() -> 2
DEBUG:comtypes._comobject:unimplemented method _ISpeechVoiceEvents_Phoneme called
DEBUG:comtypes._comobject:<comtypes.client._events.CreateEventReceiver.<locals>.Sink object at 0x000002CDE3A056D0>.Release() -> 1
DEBUG:comtypes._comobject:<comtypes.client._events.CreateEventReceiver.<locals>.Sink object at 0x000002CDE3A056D0>.AddRef() -> 2
DEBUG:comtypes._comobject:unimplemented method _ISpeechVoiceEvents_Viseme called
DEBUG:comtypes._comobject:<comtypes.client._events.CreateEventReceiver.<locals>.Sink object at 0x000002CDE3A056D0>.Release() -> 1
DEBUG:comtypes._comobject:<comtypes.client._events.CreateEventReceiver.<locals>.Sink object at 0x000002CDE3A056D0>.AddRef() -> 2
DEBUG:comtypes._comobject:unimplemented method _ISpeechVoiceEvents_Phoneme called
DEBUG:comtypes._comobject:<comtypes.client._events.CreateEventReceiver.<locals>.Sink object at 0x000002CDE3A056D0>.Release() -> 1
DEBUG:comtypes._comobject:<comtypes.client._events.CreateEventReceiver.<locals>.Sink object at 0x000002CDE3A056D0>.AddRef() -> 2
DEBUG:comtypes._comobject:unimplemented method _ISpeechVoiceEvents_Viseme called
DEBUG:comtypes._comobject:<comtypes.client._events.CreateEventReceiver.<locals>.Sink object at 0x000002CDE3A056D0>.Release() -> 1
DEBUG:comtypes._comobject:<comtypes.client._events.CreateEventReceiver.<locals>.Sink object at 0x000002CDE3A056D0>.AddRef() -> 2
DEBUG:comtypes._comobject:unimplemented method _ISpeechVoiceEvents_Word called
DEBUG:comtypes._comobject:<comtypes.client._events.CreateEventReceiver.<locals>.Sink object at 0x000002CDE3A056D0>.Release() -> 1
DEBUG:comtypes._comobject:<comtypes.client._events.CreateEventReceiver.<locals>.Sink object at 0x000002CDE3A056D0>.AddRef() -> 2
DEBUG:comtypes._comobject:unimplemented method _ISpeechVoiceEvents_Phoneme called
DEBUG:comtypes._comobject:<comtypes.client._events.CreateEventReceiver.<locals>.Sink object at 0x000002CDE3A056D0>.Release() -> 1
DEBUG:comtypes._comobject:<comtypes.client._events.CreateEventReceiver.<locals>.Sink object at 0x000002CDE3A056D0>.AddRef() -> 2
DEBUG:comtypes._comobject:unimplemented method _ISpeechVoiceEvents_Viseme called
DEBUG:comtypes._comobject:<comtypes.client._events.CreateEventReceiver.<locals>.Sink object at 0x000002CDE3A056D0>.Release() -> 1
DEBUG:comtypes._comobject:<comtypes.client._events.CreateEventReceiver.<locals>.Sink object at 0x000002CDE3A056D0>.AddRef() -> 2
DEBUG:comtypes._comobject:unimplemented method _ISpeechVoiceEvents_Phoneme called
DEBUG:comtypes._comobject:<comtypes.client._events.CreateEventReceiver.<locals>.Sink object at 0x000002CDE3A056D0>.Release() -> 1
DEBUG:comtypes._comobject:<comtypes.client._events.CreateEventReceiver.<locals>.Sink object at 0x000002CDE3A056D0>.AddRef() -> 2
DEBUG:comtypes._comobject:unimplemented method _ISpeechVoiceEvents_Viseme called
DEBUG:comtypes._comobject:<comtypes.client._events.CreateEventReceiver.<locals>.Sink object at 0x000002CDE3A056D0>.Release() -> 1
DEBUG:comtypes._comobject:<comtypes.client._events.CreateEventReceiver.<locals>.Sink object at 0x000002CDE3A056D0>.AddRef() -> 2
DEBUG:comtypes._comobject:unimplemented method _ISpeechVoiceEvents_Phoneme called
DEBUG:comtypes._comobject:<comtypes.client._events.CreateEventReceiver.<locals>.Sink object at 0x000002CDE3A056D0>.Release() -> 1
DEBUG:comtypes._comobject:<comtypes.client._events.CreateEventReceiver.<locals>.Sink object at 0x000002CDE3A056D0>.AddRef() -> 2
DEBUG:comtypes._comobject:unimplemented method _ISpeechVoiceEvents_Viseme called
DEBUG:comtypes._comobject:<comtypes.client._events.CreateEventReceiver.<locals>.Sink object at 0x000002CDE3A056D0>.Release() -> 1
DEBUG:comtypes._comobject:<comtypes.client._events.CreateEventReceiver.<locals>.Sink object at 0x000002CDE3A056D0>.AddRef() -> 2
DEBUG:comtypes._comobject:unimplemented method _ISpeechVoiceEvents_Word called
DEBUG:comtypes._comobject:<comtypes.client._events.CreateEventReceiver.<locals>.Sink object at 0x000002CDE3A056D0>.Release() -> 1
DEBUG:comtypes._comobject:<comtypes.client._events.CreateEventReceiver.<locals>.Sink object at 0x000002CDE3A056D0>.AddRef() -> 2
DEBUG:comtypes._comobject:unimplemented method _ISpeechVoiceEvents_Phoneme called
DEBUG:comtypes._comobject:<comtypes.client._events.CreateEventReceiver.<locals>.Sink object at 0x000002CDE3A056D0>.Release() -> 1
DEBUG:comtypes._comobject:<comtypes.client._events.CreateEventReceiver.<locals>.Sink object at 0x000002CDE3A056D0>.AddRef() -> 2
DEBUG:comtypes._comobject:unimplemented method _ISpeechVoiceEvents_Viseme called
DEBUG:comtypes._comobject:<comtypes.client._events.CreateEventReceiver.<locals>.Sink object at 0x000002CDE3A056D0>.Release() -> 1
DEBUG:comtypes._comobject:<comtypes.client._events.CreateEventReceiver.<locals>.Sink object at 0x000002CDE3A056D0>.AddRef() -> 2
DEBUG:comtypes._comobject:unimplemented method _ISpeechVoiceEvents_Phoneme called
DEBUG:comtypes._comobject:<comtypes.client._events.CreateEventReceiver.<locals>.Sink object at 0x000002CDE3A056D0>.Release() -> 1
DEBUG:comtypes._comobject:<comtypes.client._events.CreateEventReceiver.<locals>.Sink object at 0x000002CDE3A056D0>.AddRef() -> 2
DEBUG:comtypes._comobject:unimplemented method _ISpeechVoiceEvents_Viseme called
DEBUG:comtypes._comobject:<comtypes.client._events.CreateEventReceiver.<locals>.Sink object at 0x000002CDE3A056D0>.Release() -> 1
DEBUG:comtypes._comobject:<comtypes.client._events.CreateEventReceiver.<locals>.Sink object at 0x000002CDE3A056D0>.AddRef() -> 2
DEBUG:comtypes._comobject:unimplemented method _ISpeechVoiceEvents_Phoneme called
DEBUG:comtypes._comobject:<comtypes.client._events.CreateEventReceiver.<locals>.Sink object at 0x000002CDE3A056D0>.Release() -> 1
DEBUG:comtypes._comobject:<comtypes.client._events.CreateEventReceiver.<locals>.Sink object at 0x000002CDE3A056D0>.AddRef() -> 2
DEBUG:comtypes._comobject:unimplemented method _ISpeechVoiceEvents_Viseme called
DEBUG:comtypes._comobject:<comtypes.client._events.CreateEventReceiver.<locals>.Sink object at 0x000002CDE3A056D0>.Release() -> 1
DEBUG:comtypes._comobject:<comtypes.client._events.CreateEventReceiver.<locals>.Sink object at 0x000002CDE3A056D0>.AddRef() -> 2
DEBUG:comtypes._comobject:unimplemented method _ISpeechVoiceEvents_Phoneme called
DEBUG:comtypes._comobject:<comtypes.client._events.CreateEventReceiver.<locals>.Sink object at 0x000002CDE3A056D0>.Release() -> 1
DEBUG:comtypes._comobject:<comtypes.client._events.CreateEventReceiver.<locals>.Sink object at 0x000002CDE3A056D0>.AddRef() -> 2
DEBUG:comtypes._comobject:unimplemented method _ISpeechVoiceEvents_Viseme called
DEBUG:comtypes._comobject:<comtypes.client._events.CreateEventReceiver.<locals>.Sink object at 0x000002CDE3A056D0>.Release() -> 1
DEBUG:comtypes._comobject:<comtypes.client._events.CreateEventReceiver.<locals>.Sink object at 0x000002CDE3A056D0>.AddRef() -> 2
DEBUG:comtypes._comobject:unimplemented method _ISpeechVoiceEvents_Phoneme called
DEBUG:comtypes._comobject:<comtypes.client._events.CreateEventReceiver.<locals>.Sink object at 0x000002CDE3A056D0>.Release() -> 1
DEBUG:comtypes._comobject:<comtypes.client._events.CreateEventReceiver.<locals>.Sink object at 0x000002CDE3A056D0>.AddRef() -> 2
DEBUG:comtypes._comobject:unimplemented method _ISpeechVoiceEvents_Viseme called
DEBUG:comtypes._comobject:<comtypes.client._events.CreateEventReceiver.<locals>.Sink object at 0x000002CDE3A056D0>.Release() -> 1
DEBUG:comtypes._comobject:<comtypes.client._events.CreateEventReceiver.<locals>.Sink object at 0x000002CDE3A056D0>.AddRef() -> 2
DEBUG:comtypes._comobject:<comtypes.client._events.CreateEventReceiver.<locals>.Sink object at 0x000002CDE3A056D0>.Release() -> 1
DEBUG:comtypes:Release <POINTER(ISpeechVoice) ptr=0x2cd847024e0 at 2cd84448540>
DEBUG:comtypes._comobject:<comtypes.client._events.CreateEventReceiver.<locals>.Sink object at 0x000002CDE3A056D0>.Release() -> 0
DEBUG:comtypes._comobject:0 active COM objects: Removed <comtypes.client._events.CreateEventReceiver.<locals>.Sink object at 0x000002CDE3A056D0>
DEBUG:comtypes._comobject:Remaining: []
DEBUG:comtypes:Release <POINTER(IConnectionPoint) ptr=0x2cd847024e8 at 2cd84448840>
DEBUG:urllib3.connectionpool:Starting new HTTP connection (1): newsapi.org:80
DEBUG:urllib3.connectionpool:http://newsapi.org:80 "GET /v2/top-headlines?apiKey=1fa75a8b1d3b4f519edbd51156853cf8&country=us HTTP/1.1" 200 None
DEBUG:comtypes.client:SAPI.SPVoice -> {96749377-3391-11D2-9EE3-00C04F797396}
DEBUG:comtypes.client:CoCreateInstance({96749377-3391-11D2-9EE3-00C04F797396}, clsctx=None, interface=None)
DEBUG:comtypes.client:GetBestInterface(<POINTER(IUnknown) ptr=0x2cd847024a0 at 2cd844484c0>)
DEBUG:comtypes.client:Does implement IProvideClassInfo
DEBUG:comtypes.client:Default interface is {269316D8-57BD-11D2-9EEE-00C04F797396}
DEBUG:comtypes:Release <POINTER(IUnknown) ptr=0x2cd847024e0 at 2cd844486c0>
DEBUG:comtypes.client._generate:GetModule(TLIBATTR(GUID={C866CA3A-32F7-11D2-9602-00C04F8EE628}, Version=5.4, LCID=0, FLags=0x8))
DEBUG:comtypes.client:Implements default interface from typeinfo <class 'comtypes.gen._C866CA3A_32F7_11D2_9602_00C04F8EE628_0_5_4.ISpeechVoice'>
DEBUG:comtypes.client:Final result is <POINTER(ISpeechVoice) ptr=0x2cd847024e0 at 2cd84448140>
DEBUG:comtypes:Release <POINTER(IProvideClassInfo) ptr=0x2cd84702500 at 2cd84448440>
DEBUG:comtypes:Release <POINTER(ITypeInfo) ptr=0x2cd822928d8 at 2cd844483c0>
DEBUG:comtypes:Release <POINTER(ITypeInfo) ptr=0x2cd82292930 at 2cd844485c0>
DEBUG:comtypes:Release <POINTER(ITypeLib) ptr=0x2cdffe4cb60 at 2cd844486c0>
DEBUG:comtypes:Release <POINTER(IUnknown) ptr=0x2cd847024a0 at 2cd844484c0>
DEBUG:comtypes.client._events:<POINTER(ISpeechVoice) ptr=0x2cd847024e0 at 2cd84448140> using sinkinterface from clsid <class 'comtypes.gen._C866CA3A_32F7_11D2_9602_00C04F8EE628_0_5_4._ISpeechVoiceEvents'>
DEBUG:comtypes:Release <POINTER(IProvideClassInfo2) ptr=0x2cd84702500 at 2cd844484c0>
DEBUG:comtypes._comobject:<comtypes.client._events.CreateEventReceiver.<locals>.Sink object at 0x000002CD845B9A60>: _ISpeechVoiceEvents.VoiceChange not implemented
DEBUG:comtypes._comobject:<comtypes.client._events.CreateEventReceiver.<locals>.Sink object at 0x000002CD845B9A60>: _ISpeechVoiceEvents.Bookmark not implemented
DEBUG:comtypes._comobject:<comtypes.client._events.CreateEventReceiver.<locals>.Sink object at 0x000002CD845B9A60>: _ISpeechVoiceEvents.Word not implemented
DEBUG:comtypes._comobject:<comtypes.client._events.CreateEventReceiver.<locals>.Sink object at 0x000002CD845B9A60>: _ISpeechVoiceEvents.Sentence not implemented
DEBUG:comtypes._comobject:<comtypes.client._events.CreateEventReceiver.<locals>.Sink object at 0x000002CD845B9A60>: _ISpeechVoiceEvents.Phoneme not implemented
DEBUG:comtypes._comobject:<comtypes.client._events.CreateEventReceiver.<locals>.Sink object at 0x000002CD845B9A60>: _ISpeechVoiceEvents.Viseme not implemented
DEBUG:comtypes._comobject:<comtypes.client._events.CreateEventReceiver.<locals>.Sink object at 0x000002CD845B9A60>: _ISpeechVoiceEvents.AudioLevel not implemented
DEBUG:comtypes._comobject:<comtypes.client._events.CreateEventReceiver.<locals>.Sink object at 0x000002CD845B9A60>: _ISpeechVoiceEvents.EnginePrivate not implemented
DEBUG:comtypes.client._events:Start advise <class 'comtypes.gen._C866CA3A_32F7_11D2_9602_00C04F8EE628_0_5_4._ISpeechVoiceEvents'>
DEBUG:comtypes._comobject:<comtypes.client._events.CreateEventReceiver.<locals>.Sink object at 0x000002CD845B9A60>.QueryInterface({A372ACD1-3BEF-4BBD-8FFB-CB3E2B416AF8}) -> S_OK
DEBUG:comtypes._comobject:1 active COM objects: Added   <comtypes.client._events.CreateEventReceiver.<locals>.Sink object at 0x000002CD845B9A60>
DEBUG:comtypes._comobject:<comtypes.client._events.CreateEventReceiver.<locals>.Sink object at 0x000002CD845B9A60>.AddRef() -> 1
DEBUG:comtypes:Release <POINTER(IConnectionPointContainer) ptr=0x2cd84702508 at 2cd84448540>
DEBUG:comtypes.client:wrap_outparam(<POINTER(ISpeechObjectToken) ptr=0x2cd84714af0 at 2cd84448540>)
DEBUG:comtypes:Release <POINTER(ISpeechObjectToken) ptr=0x2cd84714af0 at 2cd84448540>
DEBUG:comtypes.client:wrap_outparam(<POINTER(ISpeechObjectTokens) ptr=0x2cd847056f0 at 2cd84448540>)
DEBUG:comtypes:Release <POINTER(IUnknown) ptr=0x2cd84707c80 at 2cd844488c0>
DEBUG:comtypes.client:wrap_outparam(<POINTER(IDispatch) ptr=0x2cd84714670 at 2cd84448940>)
DEBUG:comtypes.client:GetBestInterface(<POINTER(IDispatch) ptr=0x2cd84714670 at 2cd84448940>)
DEBUG:comtypes.client:Does NOT implement IProvideClassInfo, trying IProvideClassInfo2
DEBUG:comtypes.client:Does NOT implement IProvideClassInfo/IProvideClassInfo2
DEBUG:comtypes:Release <POINTER(IUnknown) ptr=0x2cd822929e0 at 2cd84448d40>
DEBUG:comtypes.client:Default interface is {C74A3ADC-B727-4500-A84A-B526721C8B8C}
DEBUG:comtypes:Release <POINTER(IUnknown) ptr=0x2cd84714670 at 2cd84448f40>
DEBUG:comtypes.client._generate:GetModule(TLIBATTR(GUID={C866CA3A-32F7-11D2-9602-00C04F8EE628}, Version=5.4, LCID=0, FLags=0x8))
DEBUG:comtypes.client:Implements default interface from typeinfo <class 'comtypes.gen._C866CA3A_32F7_11D2_9602_00C04F8EE628_0_5_4.ISpeechObjectToken'>
DEBUG:comtypes.client:Final result is <POINTER(ISpeechObjectToken) ptr=0x2cd84714670 at 2cd84448d40>
DEBUG:comtypes:Release <POINTER(IDispatch) ptr=0x2cd84714670 at 2cd84448ac0>
DEBUG:comtypes:Release <POINTER(ITypeInfo) ptr=0x2cd822929e0 at 2cd84448b40>
DEBUG:comtypes:Release <POINTER(ITypeLib) ptr=0x2cdffe4cb60 at 2cd84448f40>
DEBUG:comtypes:Release <POINTER(IDispatch) ptr=0x2cd84714670 at 2cd84448940>
DEBUG:comtypes:Release <POINTER(IEnumVARIANT) ptr=0x2cd84707c80 at 2cd844487c0>
DEBUG:comtypes:Release <POINTER(ISpeechObjectTokens) ptr=0x2cd847056f0 at 2cd84448540>
DEBUG:comtypes:Release <POINTER(ISpeechObjectToken) ptr=0x2cd84714670 at 2cd84448d40>
DEBUG:comtypes._comobject:<comtypes.client._events.CreateEventReceiver.<locals>.Sink object at 0x000002CD845B9A60>.AddRef() -> 2
DEBUG:comtypes._comobject:<comtypes.client._events.CreateEventReceiver.<locals>.Sink object at 0x000002CD845B9A60>.Release() -> 1
DEBUG:comtypes._comobject:<comtypes.client._events.CreateEventReceiver.<locals>.Sink object at 0x000002CD845B9A60>.AddRef() -> 2
DEBUG:comtypes.client:wrap_outparam(<POINTER(IDispatch) ptr=0x2cd84714dc0 at 2cd84448e40>)
DEBUG:comtypes.client:GetBestInterface(<POINTER(IDispatch) ptr=0x2cd84714dc0 at 2cd84448e40>)
DEBUG:comtypes.client:Does NOT implement IProvideClassInfo, trying IProvideClassInfo2
DEBUG:comtypes.client:Does NOT implement IProvideClassInfo/IProvideClassInfo2
DEBUG:comtypes:Release <POINTER(IUnknown) ptr=0x2cd822929e0 at 2cd84448bc0>
DEBUG:comtypes.client:Default interface is {C74A3ADC-B727-4500-A84A-B526721C8B8C}
DEBUG:comtypes:Release <POINTER(IUnknown) ptr=0x2cd84714dc0 at 2cd84448dc0>
DEBUG:comtypes.client._generate:GetModule(TLIBATTR(GUID={C866CA3A-32F7-11D2-9602-00C04F8EE628}, Version=5.4, LCID=0, FLags=0x8))
DEBUG:comtypes.client:Implements default interface from typeinfo <class 'comtypes.gen._C866CA3A_32F7_11D2_9602_00C04F8EE628_0_5_4.ISpeechObjectToken'>
DEBUG:comtypes.client:Final result is <POINTER(ISpeechObjectToken) ptr=0x2cd84714dc0 at 2cd84448bc0>
DEBUG:comtypes:Release <POINTER(IDispatch) ptr=0x2cd84714dc0 at 2cd84448cc0>
DEBUG:comtypes:Release <POINTER(ITypeInfo) ptr=0x2cd822929e0 at 2cd84448ec0>
DEBUG:comtypes:Release <POINTER(ITypeLib) ptr=0x2cdffe4cb60 at 2cd84448dc0>
DEBUG:comtypes:Release <POINTER(IDispatch) ptr=0x2cd84714dc0 at 2cd84448e40>
DEBUG:comtypes._comobject:unimplemented method _ISpeechVoiceEvents_VoiceChange called
DEBUG:comtypes:Release <POINTER(ISpeechObjectToken) ptr=0x2cd84714dc0 at 2cd84448bc0>
DEBUG:comtypes._comobject:<comtypes.client._events.CreateEventReceiver.<locals>.Sink object at 0x000002CD845B9A60>.Release() -> 1
DEBUG:comtypes._comobject:<comtypes.client._events.CreateEventReceiver.<locals>.Sink object at 0x000002CD845B9A60>.AddRef() -> 2
DEBUG:comtypes._comobject:unimplemented method _ISpeechVoiceEvents_Sentence called
DEBUG:comtypes._comobject:<comtypes.client._events.CreateEventReceiver.<locals>.Sink object at 0x000002CD845B9A60>.Release() -> 1
DEBUG:comtypes._comobject:<comtypes.client._events.CreateEventReceiver.<locals>.Sink object at 0x000002CD845B9A60>.AddRef() -> 2
DEBUG:comtypes._comobject:unimplemented method _ISpeechVoiceEvents_Phoneme called
DEBUG:comtypes._comobject:<comtypes.client._events.CreateEventReceiver.<locals>.Sink object at 0x000002CD845B9A60>.Release() -> 1
DEBUG:comtypes._comobject:<comtypes.client._events.CreateEventReceiver.<locals>.Sink object at 0x000002CD845B9A60>.AddRef() -> 2
DEBUG:comtypes._comobject:unimplemented method _ISpeechVoiceEvents_Viseme called
DEBUG:comtypes._comobject:<comtypes.client._events.CreateEventReceiver.<locals>.Sink object at 0x000002CD845B9A60>.Release() -> 1
DEBUG:comtypes._comobject:<comtypes.client._events.CreateEventReceiver.<locals>.Sink object at 0x000002CD845B9A60>.AddRef() -> 2
DEBUG:comtypes._comobject:unimplemented method _ISpeechVoiceEvents_Word called
DEBUG:comtypes._comobject:<comtypes.client._events.CreateEventReceiver.<locals>.Sink object at 0x000002CD845B9A60>.Release() -> 1
DEBUG:comtypes._comobject:<comtypes.client._events.CreateEventReceiver.<locals>.Sink object at 0x000002CD845B9A60>.AddRef() -> 2
DEBUG:comtypes._comobject:unimplemented method _ISpeechVoiceEvents_Phoneme called
DEBUG:comtypes._comobject:<comtypes.client._events.CreateEventReceiver.<locals>.Sink object at 0x000002CD845B9A60>.Release() -> 1
DEBUG:comtypes._comobject:<comtypes.client._events.CreateEventReceiver.<locals>.Sink object at 0x000002CD845B9A60>.AddRef() -> 2
DEBUG:comtypes._comobject:unimplemented method _ISpeechVoiceEvents_Viseme called
DEBUG:comtypes._comobject:<comtypes.client._events.CreateEventReceiver.<locals>.Sink object at 0x000002CD845B9A60>.Release() -> 1
DEBUG:comtypes._comobject:<comtypes.client._events.CreateEventReceiver.<locals>.Sink object at 0x000002CD845B9A60>.AddRef() -> 2
DEBUG:comtypes._comobject:unimplemented method _ISpeechVoiceEvents_Phoneme called
DEBUG:comtypes._comobject:<comtypes.client._events.CreateEventReceiver.<locals>.Sink object at 0x000002CD845B9A60>.Release() -> 1
DEBUG:comtypes._comobject:<comtypes.client._events.CreateEventReceiver.<locals>.Sink object at 0x000002CD845B9A60>.AddRef() -> 2
DEBUG:comtypes._comobject:unimplemented method _ISpeechVoiceEvents_Viseme called
DEBUG:comtypes._comobject:<comtypes.client._events.CreateEventReceiver.<locals>.Sink object at 0x000002CD845B9A60>.Release() -> 1
DEBUG:comtypes._comobject:<comtypes.client._events.CreateEventReceiver.<locals>.Sink object at 0x000002CD845B9A60>.AddRef() -> 2
DEBUG:comtypes._comobject:unimplemented method _ISpeechVoiceEvents_Phoneme called
DEBUG:comtypes._comobject:<comtypes.client._events.CreateEventReceiver.<locals>.Sink object at 0x000002CD845B9A60>.Release() -> 1
DEBUG:comtypes._comobject:<comtypes.client._events.CreateEventReceiver.<locals>.Sink object at 0x000002CD845B9A60>.AddRef() -> 2
DEBUG:comtypes._comobject:unimplemented method _ISpeechVoiceEvents_Viseme called
DEBUG:comtypes._comobject:<comtypes.client._events.CreateEventReceiver.<locals>.Sink object at 0x000002CD845B9A60>.Release() -> 1
DEBUG:comtypes._comobject:<comtypes.client._events.CreateEventReceiver.<locals>.Sink object at 0x000002CD845B9A60>.AddRef() -> 2
DEBUG:comtypes._comobject:unimplemented method _ISpeechVoiceEvents_Phoneme called
DEBUG:comtypes._comobject:<comtypes.client._events.CreateEventReceiver.<locals>.Sink object at 0x000002CD845B9A60>.Release() -> 1
DEBUG:comtypes._comobject:<comtypes.client._events.CreateEventReceiver.<locals>.Sink object at 0x000002CD845B9A60>.AddRef() -> 2
DEBUG:comtypes._comobject:unimplemented method _ISpeechVoiceEvents_Viseme called
DEBUG:comtypes._comobject:<comtypes.client._events.CreateEventReceiver.<locals>.Sink object at 0x000002CD845B9A60>.Release() -> 1
DEBUG:comtypes._comobject:<comtypes.client._events.CreateEventReceiver.<locals>.Sink object at 0x000002CD845B9A60>.AddRef() -> 2
DEBUG:comtypes._comobject:unimplemented method _ISpeechVoiceEvents_Phoneme called
DEBUG:comtypes._comobject:<comtypes.client._events.CreateEventReceiver.<locals>.Sink object at 0x000002CD845B9A60>.Release() -> 1
DEBUG:comtypes._comobject:<comtypes.client._events.CreateEventReceiver.<locals>.Sink object at 0x000002CD845B9A60>.AddRef() -> 2
DEBUG:comtypes._comobject:unimplemented method _ISpeechVoiceEvents_Viseme called
DEBUG:comtypes._comobject:<comtypes.client._events.CreateEventReceiver.<locals>.Sink object at 0x000002CD845B9A60>.Release() -> 1
DEBUG:comtypes._comobject:<comtypes.client._events.CreateEventReceiver.<locals>.Sink object at 0x000002CD845B9A60>.AddRef() -> 2
DEBUG:comtypes._comobject:unimplemented method _ISpeechVoiceEvents_Phoneme called
DEBUG:comtypes._comobject:<comtypes.client._events.CreateEventReceiver.<locals>.Sink object at 0x000002CD845B9A60>.Release() -> 1
DEBUG:comtypes._comobject:<comtypes.client._events.CreateEventReceiver.<locals>.Sink object at 0x000002CD845B9A60>.AddRef() -> 2
DEBUG:comtypes._comobject:unimplemented method _ISpeechVoiceEvents_Viseme called
DEBUG:comtypes._comobject:<comtypes.client._events.CreateEventReceiver.<locals>.Sink object at 0x000002CD845B9A60>.Release() -> 1
DEBUG:comtypes._comobject:<comtypes.client._events.CreateEventReceiver.<locals>.Sink object at 0x000002CD845B9A60>.AddRef() -> 2
DEBUG:comtypes._comobject:unimplemented method _ISpeechVoiceEvents_Phoneme called
DEBUG:comtypes._comobject:<comtypes.client._events.CreateEventReceiver.<locals>.Sink object at 0x000002CD845B9A60>.Release() -> 1
DEBUG:comtypes._comobject:<comtypes.client._events.CreateEventReceiver.<locals>.Sink object at 0x000002CD845B9A60>.AddRef() -> 2
DEBUG:comtypes._comobject:unimplemented method _ISpeechVoiceEvents_Viseme called
DEBUG:comtypes._comobject:<comtypes.client._events.CreateEventReceiver.<locals>.Sink object at 0x000002CD845B9A60>.Release() -> 1
DEBUG:comtypes._comobject:<comtypes.client._events.CreateEventReceiver.<locals>.Sink object at 0x000002CD845B9A60>.AddRef() -> 2
DEBUG:comtypes._comobject:unimplemented method _ISpeechVoiceEvents_Phoneme called
DEBUG:comtypes._comobject:<comtypes.client._events.CreateEventReceiver.<locals>.Sink object at 0x000002CD845B9A60>.Release() -> 1
DEBUG:comtypes._comobject:<comtypes.client._events.CreateEventReceiver.<locals>.Sink object at 0x000002CD845B9A60>.AddRef() -> 2
DEBUG:comtypes._comobject:unimplemented method _ISpeechVoiceEvents_Viseme called
DEBUG:comtypes._comobject:<comtypes.client._events.CreateEventReceiver.<locals>.Sink object at 0x000002CD845B9A60>.Release() -> 1
DEBUG:comtypes._comobject:<comtypes.client._events.CreateEventReceiver.<locals>.Sink object at 0x000002CD845B9A60>.AddRef() -> 2
DEBUG:comtypes._comobject:unimplemented method _ISpeechVoiceEvents_Phoneme called
DEBUG:comtypes._comobject:<comtypes.client._events.CreateEventReceiver.<locals>.Sink object at 0x000002CD845B9A60>.Release() -> 1
DEBUG:comtypes._comobject:<comtypes.client._events.CreateEventReceiver.<locals>.Sink object at 0x000002CD845B9A60>.AddRef() -> 2
DEBUG:comtypes._comobject:unimplemented method _ISpeechVoiceEvents_Viseme called
DEBUG:comtypes._comobject:<comtypes.client._events.CreateEventReceiver.<locals>.Sink object at 0x000002CD845B9A60>.Release() -> 1
DEBUG:comtypes._comobject:<comtypes.client._events.CreateEventReceiver.<locals>.Sink object at 0x000002CD845B9A60>.AddRef() -> 2
DEBUG:comtypes._comobject:unimplemented method _ISpeechVoiceEvents_Phoneme called
DEBUG:comtypes._comobject:<comtypes.client._events.CreateEventReceiver.<locals>.Sink object at 0x000002CD845B9A60>.Release() -> 1
DEBUG:comtypes._comobject:<comtypes.client._events.CreateEventReceiver.<locals>.Sink object at 0x000002CD845B9A60>.AddRef() -> 2
DEBUG:comtypes._comobject:unimplemented method _ISpeechVoiceEvents_Viseme called
DEBUG:comtypes._comobject:<comtypes.client._events.CreateEventReceiver.<locals>.Sink object at 0x000002CD845B9A60>.Release() -> 1
DEBUG:comtypes._comobject:<comtypes.client._events.CreateEventReceiver.<locals>.Sink object at 0x000002CD845B9A60>.AddRef() -> 2
DEBUG:comtypes._comobject:unimplemented method _ISpeechVoiceEvents_Phoneme called
DEBUG:comtypes._comobject:<comtypes.client._events.CreateEventReceiver.<locals>.Sink object at 0x000002CD845B9A60>.Release() -> 1
DEBUG:comtypes._comobject:<comtypes.client._events.CreateEventReceiver.<locals>.Sink object at 0x000002CD845B9A60>.AddRef() -> 2
DEBUG:comtypes._comobject:unimplemented method _ISpeechVoiceEvents_Viseme called
DEBUG:comtypes._comobject:<comtypes.client._events.CreateEventReceiver.<locals>.Sink object at 0x000002CD845B9A60>.Release() -> 1
DEBUG:comtypes._comobject:<comtypes.client._events.CreateEventReceiver.<locals>.Sink object at 0x000002CD845B9A60>.AddRef() -> 2
DEBUG:comtypes._comobject:unimplemented method _ISpeechVoiceEvents_Phoneme called
DEBUG:comtypes._comobject:<comtypes.client._events.CreateEventReceiver.<locals>.Sink object at 0x000002CD845B9A60>.Release() -> 1
DEBUG:comtypes._comobject:<comtypes.client._events.CreateEventReceiver.<locals>.Sink object at 0x000002CD845B9A60>.AddRef() -> 2
DEBUG:comtypes._comobject:unimplemented method _ISpeechVoiceEvents_Viseme called
DEBUG:comtypes._comobject:<comtypes.client._events.CreateEventReceiver.<locals>.Sink object at 0x000002CD845B9A60>.Release() -> 1
DEBUG:comtypes._comobject:<comtypes.client._events.CreateEventReceiver.<locals>.Sink object at 0x000002CD845B9A60>.AddRef() -> 2
DEBUG:comtypes._comobject:unimplemented method _ISpeechVoiceEvents_Phoneme called
DEBUG:comtypes._comobject:<comtypes.client._events.CreateEventReceiver.<locals>.Sink object at 0x000002CD845B9A60>.Release() -> 1
DEBUG:comtypes._comobject:<comtypes.client._events.CreateEventReceiver.<locals>.Sink object at 0x000002CD845B9A60>.AddRef() -> 2
DEBUG:comtypes._comobject:unimplemented method _ISpeechVoiceEvents_Viseme called
DEBUG:comtypes._comobject:<comtypes.client._events.CreateEventReceiver.<locals>.Sink object at 0x000002CD845B9A60>.Release() -> 1
DEBUG:comtypes._comobject:<comtypes.client._events.CreateEventReceiver.<locals>.Sink object at 0x000002CD845B9A60>.AddRef() -> 2
DEBUG:comtypes._comobject:unimplemented method _ISpeechVoiceEvents_Phoneme called
DEBUG:comtypes._comobject:<comtypes.client._events.CreateEventReceiver.<locals>.Sink object at 0x000002CD845B9A60>.Release() -> 1
DEBUG:comtypes._comobject:<comtypes.client._events.CreateEventReceiver.<locals>.Sink object at 0x000002CD845B9A60>.AddRef() -> 2
DEBUG:comtypes._comobject:unimplemented method _ISpeechVoiceEvents_Viseme called
DEBUG:comtypes._comobject:<comtypes.client._events.CreateEventReceiver.<locals>.Sink object at 0x000002CD845B9A60>.Release() -> 1
DEBUG:comtypes._comobject:<comtypes.client._events.CreateEventReceiver.<locals>.Sink object at 0x000002CD845B9A60>.AddRef() -> 2
DEBUG:comtypes._comobject:<comtypes.client._events.CreateEventReceiver.<locals>.Sink object at 0x000002CD845B9A60>.Release() -> 1
DEBUG:comtypes:Release <POINTER(ISpeechVoice) ptr=0x2cd847024e0 at 2cd84448140>
DEBUG:comtypes._comobject:<comtypes.client._events.CreateEventReceiver.<locals>.Sink object at 0x000002CD845B9A60>.Release() -> 0
DEBUG:comtypes._comobject:0 active COM objects: Removed <comtypes.client._events.CreateEventReceiver.<locals>.Sink object at 0x000002CD845B9A60>
DEBUG:comtypes._comobject:Remaining: []
DEBUG:comtypes:Release <POINTER(IConnectionPoint) ptr=0x2cd847024e8 at 2cd84448c40>
INFO:werkzeug:127.0.0.1 - - [04/Dec/2020 01:15:35] "[37mGET /index HTTP/1.1[0m" 200 -
INFO:root:Main page accessed.
INFO:werkzeug:127.0.0.1 - - [04/Dec/2020 01:16:36] "[37mGET /index HTTP/1.1[0m" 200 -
INFO:root:Main page accessed.
INFO:werkzeug:127.0.0.1 - - [04/Dec/2020 01:17:36] "[37mGET /index HTTP/1.1[0m" 200 -
INFO:root:Main page accessed.
INFO:werkzeug:127.0.0.1 - - [04/Dec/2020 01:18:36] "[37mGET /index HTTP/1.1[0m" 200 -
INFO:root:Main page accessed.
INFO:werkzeug:127.0.0.1 - - [04/Dec/2020 01:19:36] "[37mGET /index HTTP/1.1[0m" 200 -
INFO:root:Main page accessed.
INFO:werkzeug:127.0.0.1 - - [04/Dec/2020 01:20:36] "[37mGET /index HTTP/1.1[0m" 200 -
DEBUG:comtypes:Calling CoUnititialize()
DEBUG:comtypes:CoUnititialize() done.
INFO:werkzeug: * Running on http://127.0.0.1:5000/ (Press CTRL+C to quit)
INFO:root:Main page accessed.
INFO:werkzeug:127.0.0.1 - - [04/Dec/2020 01:22:12] "[37mGET /index HTTP/1.1[0m" 200 -
INFO:root:Main page accessed.
INFO:root:Alarm has been added.
INFO:werkzeug:127.0.0.1 - - [04/Dec/2020 01:22:25] "[37mGET /index?alarm=2020-12-04T01%3A23&two=Okay+I+am+done%2C+time+to+go+home+lol&news=news&weather=weather HTTP/1.1[0m" 200 -
INFO:root:Main page accessed.
DEBUG:comtypes:CoInitializeEx(None, 2)
INFO:comtypes.client._code_cache:Imported existing <module 'comtypes.gen' from 'C:\\Users\\yusuf\\AppData\\Local\\Packages\\PythonSoftwareFoundation.Python.3.8_qbz5n2kfra8p0\\LocalCache\\local-packages\\Python38\\site-packages\\comtypes\\gen\\__init__.py'>
INFO:comtypes.client._code_cache:Using writeable comtypes cache directory: 'C:\Users\yusuf\AppData\Local\Packages\PythonSoftwareFoundation.Python.3.8_qbz5n2kfra8p0\LocalCache\local-packages\Python38\site-packages\comtypes\gen'
DEBUG:comtypes.client:SAPI.SPVoice -> {96749377-3391-11D2-9EE3-00C04F797396}
DEBUG:comtypes.client:CoCreateInstance({96749377-3391-11D2-9EE3-00C04F797396}, clsctx=None, interface=None)
DEBUG:comtypes.client:GetBestInterface(<POINTER(IUnknown) ptr=0x1c040d024a0 at 1c040b263c0>)
DEBUG:comtypes.client:Does implement IProvideClassInfo
DEBUG:comtypes.client:Default interface is {269316D8-57BD-11D2-9EEE-00C04F797396}
DEBUG:comtypes:Release <POINTER(IUnknown) ptr=0x1c040d024e0 at 1c040b26840>
DEBUG:comtypes.client._generate:GetModule(TLIBATTR(GUID={C866CA3A-32F7-11D2-9602-00C04F8EE628}, Version=5.4, LCID=0, FLags=0x8))
DEBUG:comtypes.client:Implements default interface from typeinfo <class 'comtypes.gen._C866CA3A_32F7_11D2_9602_00C04F8EE628_0_5_4.ISpeechVoice'>
DEBUG:comtypes.client:Final result is <POINTER(ISpeechVoice) ptr=0x1c040d024e0 at 1c040b267c0>
DEBUG:comtypes:Release <POINTER(IProvideClassInfo) ptr=0x1c040d02500 at 1c040b26440>
DEBUG:comtypes:Release <POINTER(ITypeInfo) ptr=0x1c03e70b078 at 1c040b264c0>
DEBUG:comtypes:Release <POINTER(ITypeInfo) ptr=0x1c03e70b0d0 at 1c040b26640>
DEBUG:comtypes:Release <POINTER(ITypeLib) ptr=0x1c03e2bb330 at 1c040b26840>
DEBUG:comtypes:Release <POINTER(IUnknown) ptr=0x1c040d024a0 at 1c040b263c0>
DEBUG:comtypes.client._events:<POINTER(ISpeechVoice) ptr=0x1c040d024e0 at 1c040b267c0> using sinkinterface from clsid <class 'comtypes.gen._C866CA3A_32F7_11D2_9602_00C04F8EE628_0_5_4._ISpeechVoiceEvents'>
DEBUG:comtypes:Release <POINTER(IProvideClassInfo2) ptr=0x1c040d02500 at 1c040b263c0>
DEBUG:comtypes._comobject:<comtypes.client._events.CreateEventReceiver.<locals>.Sink object at 0x000001C01EF43A00>: _ISpeechVoiceEvents.VoiceChange not implemented
DEBUG:comtypes._comobject:<comtypes.client._events.CreateEventReceiver.<locals>.Sink object at 0x000001C01EF43A00>: _ISpeechVoiceEvents.Bookmark not implemented
DEBUG:comtypes._comobject:<comtypes.client._events.CreateEventReceiver.<locals>.Sink object at 0x000001C01EF43A00>: _ISpeechVoiceEvents.Word not implemented
DEBUG:comtypes._comobject:<comtypes.client._events.CreateEventReceiver.<locals>.Sink object at 0x000001C01EF43A00>: _ISpeechVoiceEvents.Sentence not implemented
DEBUG:comtypes._comobject:<comtypes.client._events.CreateEventReceiver.<locals>.Sink object at 0x000001C01EF43A00>: _ISpeechVoiceEvents.Phoneme not implemented
DEBUG:comtypes._comobject:<comtypes.client._events.CreateEventReceiver.<locals>.Sink object at 0x000001C01EF43A00>: _ISpeechVoiceEvents.Viseme not implemented
DEBUG:comtypes._comobject:<comtypes.client._events.CreateEventReceiver.<locals>.Sink object at 0x000001C01EF43A00>: _ISpeechVoiceEvents.AudioLevel not implemented
DEBUG:comtypes._comobject:<comtypes.client._events.CreateEventReceiver.<locals>.Sink object at 0x000001C01EF43A00>: _ISpeechVoiceEvents.EnginePrivate not implemented
DEBUG:comtypes.client._events:Start advise <class 'comtypes.gen._C866CA3A_32F7_11D2_9602_00C04F8EE628_0_5_4._ISpeechVoiceEvents'>
DEBUG:comtypes._comobject:<comtypes.client._events.CreateEventReceiver.<locals>.Sink object at 0x000001C01EF43A00>.QueryInterface({A372ACD1-3BEF-4BBD-8FFB-CB3E2B416AF8}) -> S_OK
DEBUG:comtypes._comobject:1 active COM objects: Added   <comtypes.client._events.CreateEventReceiver.<locals>.Sink object at 0x000001C01EF43A00>
DEBUG:comtypes._comobject:<comtypes.client._events.CreateEventReceiver.<locals>.Sink object at 0x000001C01EF43A00>.AddRef() -> 1
DEBUG:comtypes:Release <POINTER(IConnectionPointContainer) ptr=0x1c040d02508 at 1c040b26a40>
DEBUG:comtypes.client:wrap_outparam(<POINTER(ISpeechObjectToken) ptr=0x1c040d058c0 at 1c040b26a40>)
DEBUG:comtypes:Release <POINTER(ISpeechObjectToken) ptr=0x1c040d058c0 at 1c040b26a40>
DEBUG:comtypes.client:wrap_outparam(<POINTER(ISpeechObjectTokens) ptr=0x1c040d07170 at 1c040b26a40>)
DEBUG:comtypes:Release <POINTER(IUnknown) ptr=0x1c040d072a0 at 1c040b26bc0>
DEBUG:comtypes.client:wrap_outparam(<POINTER(IDispatch) ptr=0x1c040d07380 at 1c040b26cc0>)
DEBUG:comtypes.client:GetBestInterface(<POINTER(IDispatch) ptr=0x1c040d07380 at 1c040b26cc0>)
DEBUG:comtypes.client:Does NOT implement IProvideClassInfo, trying IProvideClassInfo2
DEBUG:comtypes.client:Does NOT implement IProvideClassInfo/IProvideClassInfo2
DEBUG:comtypes:Release <POINTER(IUnknown) ptr=0x1c03e70b180 at 1c040b26ec0>
DEBUG:comtypes.client:Default interface is {C74A3ADC-B727-4500-A84A-B526721C8B8C}
DEBUG:comtypes:Release <POINTER(IUnknown) ptr=0x1c040d07380 at 1c040b5d040>
DEBUG:comtypes.client._generate:GetModule(TLIBATTR(GUID={C866CA3A-32F7-11D2-9602-00C04F8EE628}, Version=5.4, LCID=0, FLags=0x8))
DEBUG:comtypes.client:Implements default interface from typeinfo <class 'comtypes.gen._C866CA3A_32F7_11D2_9602_00C04F8EE628_0_5_4.ISpeechObjectToken'>
DEBUG:comtypes.client:Final result is <POINTER(ISpeechObjectToken) ptr=0x1c040d07380 at 1c040b5d040>
DEBUG:comtypes:Release <POINTER(IDispatch) ptr=0x1c040d07380 at 1c040b26e40>
DEBUG:comtypes:Release <POINTER(ITypeInfo) ptr=0x1c03e70b180 at 1c040b26f40>
DEBUG:comtypes:Release <POINTER(ITypeLib) ptr=0x1c03e2bb330 at 1c040b26ec0>
DEBUG:comtypes:Release <POINTER(IDispatch) ptr=0x1c040d07380 at 1c040b26cc0>
DEBUG:comtypes:Release <POINTER(IEnumVARIANT) ptr=0x1c040d072a0 at 1c040b26b40>
DEBUG:comtypes:Release <POINTER(ISpeechObjectTokens) ptr=0x1c040d07170 at 1c040b26a40>
DEBUG:comtypes:Release <POINTER(ISpeechObjectToken) ptr=0x1c040d07380 at 1c040b5d040>
DEBUG:comtypes._comobject:<comtypes.client._events.CreateEventReceiver.<locals>.Sink object at 0x000001C01EF43A00>.AddRef() -> 2
DEBUG:comtypes._comobject:<comtypes.client._events.CreateEventReceiver.<locals>.Sink object at 0x000001C01EF43A00>.Release() -> 1
DEBUG:comtypes._comobject:<comtypes.client._events.CreateEventReceiver.<locals>.Sink object at 0x000001C01EF43A00>.AddRef() -> 2
DEBUG:comtypes.client:wrap_outparam(<POINTER(IDispatch) ptr=0x1c040d05710 at 1c040b26f40>)
DEBUG:comtypes.client:GetBestInterface(<POINTER(IDispatch) ptr=0x1c040d05710 at 1c040b26f40>)
DEBUG:comtypes.client:Does NOT implement IProvideClassInfo, trying IProvideClassInfo2
DEBUG:comtypes.client:Does NOT implement IProvideClassInfo/IProvideClassInfo2
DEBUG:comtypes:Release <POINTER(IUnknown) ptr=0x1c03e70b180 at 1c040b61140>
DEBUG:comtypes.client:Default interface is {C74A3ADC-B727-4500-A84A-B526721C8B8C}
DEBUG:comtypes:Release <POINTER(IUnknown) ptr=0x1c040d05710 at 1c040b61240>
DEBUG:comtypes.client._generate:GetModule(TLIBATTR(GUID={C866CA3A-32F7-11D2-9602-00C04F8EE628}, Version=5.4, LCID=0, FLags=0x8))
DEBUG:comtypes.client:Implements default interface from typeinfo <class 'comtypes.gen._C866CA3A_32F7_11D2_9602_00C04F8EE628_0_5_4.ISpeechObjectToken'>
DEBUG:comtypes.client:Final result is <POINTER(ISpeechObjectToken) ptr=0x1c040d05710 at 1c040b61140>
DEBUG:comtypes:Release <POINTER(IDispatch) ptr=0x1c040d05710 at 1c040b610c0>
DEBUG:comtypes:Release <POINTER(ITypeInfo) ptr=0x1c03e70b180 at 1c040b611c0>
DEBUG:comtypes:Release <POINTER(ITypeLib) ptr=0x1c03e2bb330 at 1c040b61240>
DEBUG:comtypes:Release <POINTER(IDispatch) ptr=0x1c040d05710 at 1c040b26f40>
DEBUG:comtypes._comobject:unimplemented method _ISpeechVoiceEvents_VoiceChange called
DEBUG:comtypes:Release <POINTER(ISpeechObjectToken) ptr=0x1c040d05710 at 1c040b61140>
DEBUG:comtypes._comobject:<comtypes.client._events.CreateEventReceiver.<locals>.Sink object at 0x000001C01EF43A00>.Release() -> 1
DEBUG:comtypes._comobject:<comtypes.client._events.CreateEventReceiver.<locals>.Sink object at 0x000001C01EF43A00>.AddRef() -> 2
DEBUG:comtypes._comobject:unimplemented method _ISpeechVoiceEvents_Sentence called
DEBUG:comtypes._comobject:<comtypes.client._events.CreateEventReceiver.<locals>.Sink object at 0x000001C01EF43A00>.Release() -> 1
DEBUG:comtypes._comobject:<comtypes.client._events.CreateEventReceiver.<locals>.Sink object at 0x000001C01EF43A00>.AddRef() -> 2
DEBUG:comtypes._comobject:unimplemented method _ISpeechVoiceEvents_Phoneme called
DEBUG:comtypes._comobject:<comtypes.client._events.CreateEventReceiver.<locals>.Sink object at 0x000001C01EF43A00>.Release() -> 1
DEBUG:comtypes._comobject:<comtypes.client._events.CreateEventReceiver.<locals>.Sink object at 0x000001C01EF43A00>.AddRef() -> 2
DEBUG:comtypes._comobject:unimplemented method _ISpeechVoiceEvents_Viseme called
DEBUG:comtypes._comobject:<comtypes.client._events.CreateEventReceiver.<locals>.Sink object at 0x000001C01EF43A00>.Release() -> 1
DEBUG:comtypes._comobject:<comtypes.client._events.CreateEventReceiver.<locals>.Sink object at 0x000001C01EF43A00>.AddRef() -> 2
DEBUG:comtypes._comobject:unimplemented method _ISpeechVoiceEvents_Word called
DEBUG:comtypes._comobject:<comtypes.client._events.CreateEventReceiver.<locals>.Sink object at 0x000001C01EF43A00>.Release() -> 1
DEBUG:comtypes._comobject:<comtypes.client._events.CreateEventReceiver.<locals>.Sink object at 0x000001C01EF43A00>.AddRef() -> 2
DEBUG:comtypes._comobject:unimplemented method _ISpeechVoiceEvents_Phoneme called
DEBUG:comtypes._comobject:<comtypes.client._events.CreateEventReceiver.<locals>.Sink object at 0x000001C01EF43A00>.Release() -> 1
DEBUG:comtypes._comobject:<comtypes.client._events.CreateEventReceiver.<locals>.Sink object at 0x000001C01EF43A00>.AddRef() -> 2
DEBUG:comtypes._comobject:unimplemented method _ISpeechVoiceEvents_Viseme called
DEBUG:comtypes._comobject:<comtypes.client._events.CreateEventReceiver.<locals>.Sink object at 0x000001C01EF43A00>.Release() -> 1
DEBUG:comtypes._comobject:<comtypes.client._events.CreateEventReceiver.<locals>.Sink object at 0x000001C01EF43A00>.AddRef() -> 2
DEBUG:comtypes._comobject:unimplemented method _ISpeechVoiceEvents_Phoneme called
DEBUG:comtypes._comobject:<comtypes.client._events.CreateEventReceiver.<locals>.Sink object at 0x000001C01EF43A00>.Release() -> 1
DEBUG:comtypes._comobject:<comtypes.client._events.CreateEventReceiver.<locals>.Sink object at 0x000001C01EF43A00>.AddRef() -> 2
DEBUG:comtypes._comobject:unimplemented method _ISpeechVoiceEvents_Viseme called
DEBUG:comtypes._comobject:<comtypes.client._events.CreateEventReceiver.<locals>.Sink object at 0x000001C01EF43A00>.Release() -> 1
DEBUG:comtypes._comobject:<comtypes.client._events.CreateEventReceiver.<locals>.Sink object at 0x000001C01EF43A00>.AddRef() -> 2
DEBUG:comtypes._comobject:unimplemented method _ISpeechVoiceEvents_Phoneme called
DEBUG:comtypes._comobject:<comtypes.client._events.CreateEventReceiver.<locals>.Sink object at 0x000001C01EF43A00>.Release() -> 1
DEBUG:comtypes._comobject:<comtypes.client._events.CreateEventReceiver.<locals>.Sink object at 0x000001C01EF43A00>.AddRef() -> 2
DEBUG:comtypes._comobject:unimplemented method _ISpeechVoiceEvents_Viseme called
DEBUG:comtypes._comobject:<comtypes.client._events.CreateEventReceiver.<locals>.Sink object at 0x000001C01EF43A00>.Release() -> 1
DEBUG:comtypes._comobject:<comtypes.client._events.CreateEventReceiver.<locals>.Sink object at 0x000001C01EF43A00>.AddRef() -> 2
DEBUG:comtypes._comobject:unimplemented method _ISpeechVoiceEvents_Viseme called
DEBUG:comtypes._comobject:<comtypes.client._events.CreateEventReceiver.<locals>.Sink object at 0x000001C01EF43A00>.Release() -> 1
DEBUG:comtypes._comobject:<comtypes.client._events.CreateEventReceiver.<locals>.Sink object at 0x000001C01EF43A00>.AddRef() -> 2
DEBUG:comtypes._comobject:unimplemented method _ISpeechVoiceEvents_Word called
DEBUG:comtypes._comobject:<comtypes.client._events.CreateEventReceiver.<locals>.Sink object at 0x000001C01EF43A00>.Release() -> 1
DEBUG:comtypes._comobject:<comtypes.client._events.CreateEventReceiver.<locals>.Sink object at 0x000001C01EF43A00>.AddRef() -> 2
DEBUG:comtypes._comobject:unimplemented method _ISpeechVoiceEvents_Phoneme called
DEBUG:comtypes._comobject:<comtypes.client._events.CreateEventReceiver.<locals>.Sink object at 0x000001C01EF43A00>.Release() -> 1
DEBUG:comtypes._comobject:<comtypes.client._events.CreateEventReceiver.<locals>.Sink object at 0x000001C01EF43A00>.AddRef() -> 2
DEBUG:comtypes._comobject:unimplemented method _ISpeechVoiceEvents_Viseme called
DEBUG:comtypes._comobject:<comtypes.client._events.CreateEventReceiver.<locals>.Sink object at 0x000001C01EF43A00>.Release() -> 1
DEBUG:comtypes._comobject:<comtypes.client._events.CreateEventReceiver.<locals>.Sink object at 0x000001C01EF43A00>.AddRef() -> 2
DEBUG:comtypes._comobject:unimplemented method _ISpeechVoiceEvents_Viseme called
DEBUG:comtypes._comobject:<comtypes.client._events.CreateEventReceiver.<locals>.Sink object at 0x000001C01EF43A00>.Release() -> 1
DEBUG:comtypes._comobject:<comtypes.client._events.CreateEventReceiver.<locals>.Sink object at 0x000001C01EF43A00>.AddRef() -> 2
DEBUG:comtypes._comobject:unimplemented method _ISpeechVoiceEvents_Word called
DEBUG:comtypes._comobject:<comtypes.client._events.CreateEventReceiver.<locals>.Sink object at 0x000001C01EF43A00>.Release() -> 1
DEBUG:comtypes._comobject:<comtypes.client._events.CreateEventReceiver.<locals>.Sink object at 0x000001C01EF43A00>.AddRef() -> 2
DEBUG:comtypes._comobject:unimplemented method _ISpeechVoiceEvents_Phoneme called
DEBUG:comtypes._comobject:<comtypes.client._events.CreateEventReceiver.<locals>.Sink object at 0x000001C01EF43A00>.Release() -> 1
DEBUG:comtypes._comobject:<comtypes.client._events.CreateEventReceiver.<locals>.Sink object at 0x000001C01EF43A00>.AddRef() -> 2
DEBUG:comtypes._comobject:unimplemented method _ISpeechVoiceEvents_Viseme called
DEBUG:comtypes._comobject:<comtypes.client._events.CreateEventReceiver.<locals>.Sink object at 0x000001C01EF43A00>.Release() -> 1
DEBUG:comtypes._comobject:<comtypes.client._events.CreateEventReceiver.<locals>.Sink object at 0x000001C01EF43A00>.AddRef() -> 2
DEBUG:comtypes._comobject:unimplemented method _ISpeechVoiceEvents_Phoneme called
DEBUG:comtypes._comobject:<comtypes.client._events.CreateEventReceiver.<locals>.Sink object at 0x000001C01EF43A00>.Release() -> 1
DEBUG:comtypes._comobject:<comtypes.client._events.CreateEventReceiver.<locals>.Sink object at 0x000001C01EF43A00>.AddRef() -> 2
DEBUG:comtypes._comobject:unimplemented method _ISpeechVoiceEvents_Viseme called
DEBUG:comtypes._comobject:<comtypes.client._events.CreateEventReceiver.<locals>.Sink object at 0x000001C01EF43A00>.Release() -> 1
DEBUG:comtypes._comobject:<comtypes.client._events.CreateEventReceiver.<locals>.Sink object at 0x000001C01EF43A00>.AddRef() -> 2
DEBUG:comtypes._comobject:unimplemented method _ISpeechVoiceEvents_Word called
DEBUG:comtypes._comobject:<comtypes.client._events.CreateEventReceiver.<locals>.Sink object at 0x000001C01EF43A00>.Release() -> 1
DEBUG:comtypes._comobject:<comtypes.client._events.CreateEventReceiver.<locals>.Sink object at 0x000001C01EF43A00>.AddRef() -> 2
DEBUG:comtypes._comobject:unimplemented method _ISpeechVoiceEvents_Phoneme called
DEBUG:comtypes._comobject:<comtypes.client._events.CreateEventReceiver.<locals>.Sink object at 0x000001C01EF43A00>.Release() -> 1
DEBUG:comtypes._comobject:<comtypes.client._events.CreateEventReceiver.<locals>.Sink object at 0x000001C01EF43A00>.AddRef() -> 2
DEBUG:comtypes._comobject:unimplemented method _ISpeechVoiceEvents_Viseme called
DEBUG:comtypes._comobject:<comtypes.client._events.CreateEventReceiver.<locals>.Sink object at 0x000001C01EF43A00>.Release() -> 1
DEBUG:comtypes._comobject:<comtypes.client._events.CreateEventReceiver.<locals>.Sink object at 0x000001C01EF43A00>.AddRef() -> 2
DEBUG:comtypes._comobject:unimplemented method _ISpeechVoiceEvents_Phoneme called
DEBUG:comtypes._comobject:<comtypes.client._events.CreateEventReceiver.<locals>.Sink object at 0x000001C01EF43A00>.Release() -> 1
DEBUG:comtypes._comobject:<comtypes.client._events.CreateEventReceiver.<locals>.Sink object at 0x000001C01EF43A00>.AddRef() -> 2
DEBUG:comtypes._comobject:unimplemented method _ISpeechVoiceEvents_Viseme called
DEBUG:comtypes._comobject:<comtypes.client._events.CreateEventReceiver.<locals>.Sink object at 0x000001C01EF43A00>.Release() -> 1
DEBUG:comtypes._comobject:<comtypes.client._events.CreateEventReceiver.<locals>.Sink object at 0x000001C01EF43A00>.AddRef() -> 2
DEBUG:comtypes._comobject:unimplemented method _ISpeechVoiceEvents_Phoneme called
DEBUG:comtypes._comobject:<comtypes.client._events.CreateEventReceiver.<locals>.Sink object at 0x000001C01EF43A00>.Release() -> 1
DEBUG:comtypes._comobject:<comtypes.client._events.CreateEventReceiver.<locals>.Sink object at 0x000001C01EF43A00>.AddRef() -> 2
DEBUG:comtypes._comobject:unimplemented method _ISpeechVoiceEvents_Viseme called
DEBUG:comtypes._comobject:<comtypes.client._events.CreateEventReceiver.<locals>.Sink object at 0x000001C01EF43A00>.Release() -> 1
DEBUG:comtypes._comobject:<comtypes.client._events.CreateEventReceiver.<locals>.Sink object at 0x000001C01EF43A00>.AddRef() -> 2
DEBUG:comtypes._comobject:unimplemented method _ISpeechVoiceEvents_Phoneme called
DEBUG:comtypes._comobject:<comtypes.client._events.CreateEventReceiver.<locals>.Sink object at 0x000001C01EF43A00>.Release() -> 1
DEBUG:comtypes._comobject:<comtypes.client._events.CreateEventReceiver.<locals>.Sink object at 0x000001C01EF43A00>.AddRef() -> 2
DEBUG:comtypes._comobject:unimplemented method _ISpeechVoiceEvents_Viseme called
DEBUG:comtypes._comobject:<comtypes.client._events.CreateEventReceiver.<locals>.Sink object at 0x000001C01EF43A00>.Release() -> 1
DEBUG:comtypes._comobject:<comtypes.client._events.CreateEventReceiver.<locals>.Sink object at 0x000001C01EF43A00>.AddRef() -> 2
DEBUG:comtypes._comobject:unimplemented method _ISpeechVoiceEvents_Word called
DEBUG:comtypes._comobject:<comtypes.client._events.CreateEventReceiver.<locals>.Sink object at 0x000001C01EF43A00>.Release() -> 1
DEBUG:comtypes._comobject:<comtypes.client._events.CreateEventReceiver.<locals>.Sink object at 0x000001C01EF43A00>.AddRef() -> 2
DEBUG:comtypes._comobject:unimplemented method _ISpeechVoiceEvents_Phoneme called
DEBUG:comtypes._comobject:<comtypes.client._events.CreateEventReceiver.<locals>.Sink object at 0x000001C01EF43A00>.Release() -> 1
DEBUG:comtypes._comobject:<comtypes.client._events.CreateEventReceiver.<locals>.Sink object at 0x000001C01EF43A00>.AddRef() -> 2
DEBUG:comtypes._comobject:unimplemented method _ISpeechVoiceEvents_Viseme called
DEBUG:comtypes._comobject:<comtypes.client._events.CreateEventReceiver.<locals>.Sink object at 0x000001C01EF43A00>.Release() -> 1
DEBUG:comtypes._comobject:<comtypes.client._events.CreateEventReceiver.<locals>.Sink object at 0x000001C01EF43A00>.AddRef() -> 2
DEBUG:comtypes._comobject:unimplemented method _ISpeechVoiceEvents_Phoneme called
DEBUG:comtypes._comobject:<comtypes.client._events.CreateEventReceiver.<locals>.Sink object at 0x000001C01EF43A00>.Release() -> 1
DEBUG:comtypes._comobject:<comtypes.client._events.CreateEventReceiver.<locals>.Sink object at 0x000001C01EF43A00>.AddRef() -> 2
DEBUG:comtypes._comobject:unimplemented method _ISpeechVoiceEvents_Viseme called
DEBUG:comtypes._comobject:<comtypes.client._events.CreateEventReceiver.<locals>.Sink object at 0x000001C01EF43A00>.Release() -> 1
DEBUG:comtypes._comobject:<comtypes.client._events.CreateEventReceiver.<locals>.Sink object at 0x000001C01EF43A00>.AddRef() -> 2
DEBUG:comtypes._comobject:unimplemented method _ISpeechVoiceEvents_Viseme called
DEBUG:comtypes._comobject:<comtypes.client._events.CreateEventReceiver.<locals>.Sink object at 0x000001C01EF43A00>.Release() -> 1
DEBUG:comtypes._comobject:<comtypes.client._events.CreateEventReceiver.<locals>.Sink object at 0x000001C01EF43A00>.AddRef() -> 2
DEBUG:comtypes._comobject:unimplemented method _ISpeechVoiceEvents_Phoneme called
DEBUG:comtypes._comobject:<comtypes.client._events.CreateEventReceiver.<locals>.Sink object at 0x000001C01EF43A00>.Release() -> 1
DEBUG:comtypes._comobject:<comtypes.client._events.CreateEventReceiver.<locals>.Sink object at 0x000001C01EF43A00>.AddRef() -> 2
DEBUG:comtypes._comobject:unimplemented method _ISpeechVoiceEvents_Viseme called
DEBUG:comtypes._comobject:<comtypes.client._events.CreateEventReceiver.<locals>.Sink object at 0x000001C01EF43A00>.Release() -> 1
DEBUG:comtypes._comobject:<comtypes.client._events.CreateEventReceiver.<locals>.Sink object at 0x000001C01EF43A00>.AddRef() -> 2
DEBUG:comtypes._comobject:unimplemented method _ISpeechVoiceEvents_Word called
DEBUG:comtypes._comobject:<comtypes.client._events.CreateEventReceiver.<locals>.Sink object at 0x000001C01EF43A00>.Release() -> 1
DEBUG:comtypes._comobject:<comtypes.client._events.CreateEventReceiver.<locals>.Sink object at 0x000001C01EF43A00>.AddRef() -> 2
DEBUG:comtypes._comobject:unimplemented method _ISpeechVoiceEvents_Phoneme called
DEBUG:comtypes._comobject:<comtypes.client._events.CreateEventReceiver.<locals>.Sink object at 0x000001C01EF43A00>.Release() -> 1
DEBUG:comtypes._comobject:<comtypes.client._events.CreateEventReceiver.<locals>.Sink object at 0x000001C01EF43A00>.AddRef() -> 2
DEBUG:comtypes._comobject:unimplemented method _ISpeechVoiceEvents_Viseme called
DEBUG:comtypes._comobject:<comtypes.client._events.CreateEventReceiver.<locals>.Sink object at 0x000001C01EF43A00>.Release() -> 1
DEBUG:comtypes._comobject:<comtypes.client._events.CreateEventReceiver.<locals>.Sink object at 0x000001C01EF43A00>.AddRef() -> 2
DEBUG:comtypes._comobject:unimplemented method _ISpeechVoiceEvents_Phoneme called
DEBUG:comtypes._comobject:<comtypes.client._events.CreateEventReceiver.<locals>.Sink object at 0x000001C01EF43A00>.Release() -> 1
DEBUG:comtypes._comobject:<comtypes.client._events.CreateEventReceiver.<locals>.Sink object at 0x000001C01EF43A00>.AddRef() -> 2
DEBUG:comtypes._comobject:unimplemented method _ISpeechVoiceEvents_Viseme called
DEBUG:comtypes._comobject:<comtypes.client._events.CreateEventReceiver.<locals>.Sink object at 0x000001C01EF43A00>.Release() -> 1
DEBUG:comtypes._comobject:<comtypes.client._events.CreateEventReceiver.<locals>.Sink object at 0x000001C01EF43A00>.AddRef() -> 2
DEBUG:comtypes._comobject:unimplemented method _ISpeechVoiceEvents_Word called
DEBUG:comtypes._comobject:<comtypes.client._events.CreateEventReceiver.<locals>.Sink object at 0x000001C01EF43A00>.Release() -> 1
DEBUG:comtypes._comobject:<comtypes.client._events.CreateEventReceiver.<locals>.Sink object at 0x000001C01EF43A00>.AddRef() -> 2
DEBUG:comtypes._comobject:unimplemented method _ISpeechVoiceEvents_Phoneme called
DEBUG:comtypes._comobject:<comtypes.client._events.CreateEventReceiver.<locals>.Sink object at 0x000001C01EF43A00>.Release() -> 1
DEBUG:comtypes._comobject:<comtypes.client._events.CreateEventReceiver.<locals>.Sink object at 0x000001C01EF43A00>.AddRef() -> 2
DEBUG:comtypes._comobject:unimplemented method _ISpeechVoiceEvents_Viseme called
DEBUG:comtypes._comobject:<comtypes.client._events.CreateEventReceiver.<locals>.Sink object at 0x000001C01EF43A00>.Release() -> 1
DEBUG:comtypes._comobject:<comtypes.client._events.CreateEventReceiver.<locals>.Sink object at 0x000001C01EF43A00>.AddRef() -> 2
DEBUG:comtypes._comobject:unimplemented method _ISpeechVoiceEvents_Phoneme called
DEBUG:comtypes._comobject:<comtypes.client._events.CreateEventReceiver.<locals>.Sink object at 0x000001C01EF43A00>.Release() -> 1
DEBUG:comtypes._comobject:<comtypes.client._events.CreateEventReceiver.<locals>.Sink object at 0x000001C01EF43A00>.AddRef() -> 2
DEBUG:comtypes._comobject:unimplemented method _ISpeechVoiceEvents_Viseme called
DEBUG:comtypes._comobject:<comtypes.client._events.CreateEventReceiver.<locals>.Sink object at 0x000001C01EF43A00>.Release() -> 1
DEBUG:comtypes._comobject:<comtypes.client._events.CreateEventReceiver.<locals>.Sink object at 0x000001C01EF43A00>.AddRef() -> 2
DEBUG:comtypes._comobject:unimplemented method _ISpeechVoiceEvents_Word called
DEBUG:comtypes._comobject:<comtypes.client._events.CreateEventReceiver.<locals>.Sink object at 0x000001C01EF43A00>.Release() -> 1
DEBUG:comtypes._comobject:<comtypes.client._events.CreateEventReceiver.<locals>.Sink object at 0x000001C01EF43A00>.AddRef() -> 2
DEBUG:comtypes._comobject:unimplemented method _ISpeechVoiceEvents_Phoneme called
DEBUG:comtypes._comobject:<comtypes.client._events.CreateEventReceiver.<locals>.Sink object at 0x000001C01EF43A00>.Release() -> 1
DEBUG:comtypes._comobject:<comtypes.client._events.CreateEventReceiver.<locals>.Sink object at 0x000001C01EF43A00>.AddRef() -> 2
DEBUG:comtypes._comobject:unimplemented method _ISpeechVoiceEvents_Viseme called
DEBUG:comtypes._comobject:<comtypes.client._events.CreateEventReceiver.<locals>.Sink object at 0x000001C01EF43A00>.Release() -> 1
DEBUG:comtypes._comobject:<comtypes.client._events.CreateEventReceiver.<locals>.Sink object at 0x000001C01EF43A00>.AddRef() -> 2
DEBUG:comtypes._comobject:unimplemented method _ISpeechVoiceEvents_Phoneme called
DEBUG:comtypes._comobject:<comtypes.client._events.CreateEventReceiver.<locals>.Sink object at 0x000001C01EF43A00>.Release() -> 1
DEBUG:comtypes._comobject:<comtypes.client._events.CreateEventReceiver.<locals>.Sink object at 0x000001C01EF43A00>.AddRef() -> 2
DEBUG:comtypes._comobject:unimplemented method _ISpeechVoiceEvents_Viseme called
DEBUG:comtypes._comobject:<comtypes.client._events.CreateEventReceiver.<locals>.Sink object at 0x000001C01EF43A00>.Release() -> 1
DEBUG:comtypes._comobject:<comtypes.client._events.CreateEventReceiver.<locals>.Sink object at 0x000001C01EF43A00>.AddRef() -> 2
DEBUG:comtypes._comobject:unimplemented method _ISpeechVoiceEvents_Phoneme called
DEBUG:comtypes._comobject:<comtypes.client._events.CreateEventReceiver.<locals>.Sink object at 0x000001C01EF43A00>.Release() -> 1
DEBUG:comtypes._comobject:<comtypes.client._events.CreateEventReceiver.<locals>.Sink object at 0x000001C01EF43A00>.AddRef() -> 2
DEBUG:comtypes._comobject:unimplemented method _ISpeechVoiceEvents_Viseme called
DEBUG:comtypes._comobject:<comtypes.client._events.CreateEventReceiver.<locals>.Sink object at 0x000001C01EF43A00>.Release() -> 1
DEBUG:comtypes._comobject:<comtypes.client._events.CreateEventReceiver.<locals>.Sink object at 0x000001C01EF43A00>.AddRef() -> 2
DEBUG:comtypes._comobject:unimplemented method _ISpeechVoiceEvents_Word called
DEBUG:comtypes._comobject:<comtypes.client._events.CreateEventReceiver.<locals>.Sink object at 0x000001C01EF43A00>.Release() -> 1
DEBUG:comtypes._comobject:<comtypes.client._events.CreateEventReceiver.<locals>.Sink object at 0x000001C01EF43A00>.AddRef() -> 2
DEBUG:comtypes._comobject:unimplemented method _ISpeechVoiceEvents_Phoneme called
DEBUG:comtypes._comobject:<comtypes.client._events.CreateEventReceiver.<locals>.Sink object at 0x000001C01EF43A00>.Release() -> 1
DEBUG:comtypes._comobject:<comtypes.client._events.CreateEventReceiver.<locals>.Sink object at 0x000001C01EF43A00>.AddRef() -> 2
DEBUG:comtypes._comobject:unimplemented method _ISpeechVoiceEvents_Viseme called
DEBUG:comtypes._comobject:<comtypes.client._events.CreateEventReceiver.<locals>.Sink object at 0x000001C01EF43A00>.Release() -> 1
DEBUG:comtypes._comobject:<comtypes.client._events.CreateEventReceiver.<locals>.Sink object at 0x000001C01EF43A00>.AddRef() -> 2
DEBUG:comtypes._comobject:unimplemented method _ISpeechVoiceEvents_Phoneme called
DEBUG:comtypes._comobject:<comtypes.client._events.CreateEventReceiver.<locals>.Sink object at 0x000001C01EF43A00>.Release() -> 1
DEBUG:comtypes._comobject:<comtypes.client._events.CreateEventReceiver.<locals>.Sink object at 0x000001C01EF43A00>.AddRef() -> 2
DEBUG:comtypes._comobject:unimplemented method _ISpeechVoiceEvents_Viseme called
DEBUG:comtypes._comobject:<comtypes.client._events.CreateEventReceiver.<locals>.Sink object at 0x000001C01EF43A00>.Release() -> 1
DEBUG:comtypes._comobject:<comtypes.client._events.CreateEventReceiver.<locals>.Sink object at 0x000001C01EF43A00>.AddRef() -> 2
DEBUG:comtypes._comobject:unimplemented method _ISpeechVoiceEvents_Phoneme called
DEBUG:comtypes._comobject:<comtypes.client._events.CreateEventReceiver.<locals>.Sink object at 0x000001C01EF43A00>.Release() -> 1
DEBUG:comtypes._comobject:<comtypes.client._events.CreateEventReceiver.<locals>.Sink object at 0x000001C01EF43A00>.AddRef() -> 2
DEBUG:comtypes._comobject:unimplemented method _ISpeechVoiceEvents_Viseme called
DEBUG:comtypes._comobject:<comtypes.client._events.CreateEventReceiver.<locals>.Sink object at 0x000001C01EF43A00>.Release() -> 1
DEBUG:comtypes._comobject:<comtypes.client._events.CreateEventReceiver.<locals>.Sink object at 0x000001C01EF43A00>.AddRef() -> 2
DEBUG:comtypes._comobject:unimplemented method _ISpeechVoiceEvents_Phoneme called
DEBUG:comtypes._comobject:<comtypes.client._events.CreateEventReceiver.<locals>.Sink object at 0x000001C01EF43A00>.Release() -> 1
DEBUG:comtypes._comobject:<comtypes.client._events.CreateEventReceiver.<locals>.Sink object at 0x000001C01EF43A00>.AddRef() -> 2
DEBUG:comtypes._comobject:unimplemented method _ISpeechVoiceEvents_Viseme called
DEBUG:comtypes._comobject:<comtypes.client._events.CreateEventReceiver.<locals>.Sink object at 0x000001C01EF43A00>.Release() -> 1
DEBUG:comtypes._comobject:<comtypes.client._events.CreateEventReceiver.<locals>.Sink object at 0x000001C01EF43A00>.AddRef() -> 2
DEBUG:comtypes._comobject:unimplemented method _ISpeechVoiceEvents_Phoneme called
DEBUG:comtypes._comobject:<comtypes.client._events.CreateEventReceiver.<locals>.Sink object at 0x000001C01EF43A00>.Release() -> 1
DEBUG:comtypes._comobject:<comtypes.client._events.CreateEventReceiver.<locals>.Sink object at 0x000001C01EF43A00>.AddRef() -> 2
DEBUG:comtypes._comobject:unimplemented method _ISpeechVoiceEvents_Viseme called
DEBUG:comtypes._comobject:<comtypes.client._events.CreateEventReceiver.<locals>.Sink object at 0x000001C01EF43A00>.Release() -> 1
DEBUG:comtypes._comobject:<comtypes.client._events.CreateEventReceiver.<locals>.Sink object at 0x000001C01EF43A00>.AddRef() -> 2
DEBUG:comtypes._comobject:unimplemented method _ISpeechVoiceEvents_Phoneme called
DEBUG:comtypes._comobject:<comtypes.client._events.CreateEventReceiver.<locals>.Sink object at 0x000001C01EF43A00>.Release() -> 1
DEBUG:comtypes._comobject:<comtypes.client._events.CreateEventReceiver.<locals>.Sink object at 0x000001C01EF43A00>.AddRef() -> 2
DEBUG:comtypes._comobject:unimplemented method _ISpeechVoiceEvents_Viseme called
DEBUG:comtypes._comobject:<comtypes.client._events.CreateEventReceiver.<locals>.Sink object at 0x000001C01EF43A00>.Release() -> 1
DEBUG:comtypes._comobject:<comtypes.client._events.CreateEventReceiver.<locals>.Sink object at 0x000001C01EF43A00>.AddRef() -> 2
DEBUG:comtypes._comobject:<comtypes.client._events.CreateEventReceiver.<locals>.Sink object at 0x000001C01EF43A00>.Release() -> 1
DEBUG:comtypes:Release <POINTER(ISpeechVoice) ptr=0x1c040d024e0 at 1c040b267c0>
DEBUG:comtypes._comobject:<comtypes.client._events.CreateEventReceiver.<locals>.Sink object at 0x000001C01EF43A00>.Release() -> 0
DEBUG:comtypes._comobject:0 active COM objects: Removed <comtypes.client._events.CreateEventReceiver.<locals>.Sink object at 0x000001C01EF43A00>
DEBUG:comtypes._comobject:Remaining: []
DEBUG:comtypes:Release <POINTER(IConnectionPoint) ptr=0x1c040d024e8 at 1c040b26ac0>
DEBUG:urllib3.connectionpool:Starting new HTTP connection (1): newsapi.org:80
DEBUG:urllib3.connectionpool:http://newsapi.org:80 "GET /v2/top-headlines?apiKey=1fa75a8b1d3b4f519edbd51156853cf8&country=us HTTP/1.1" 200 None
INFO:werkzeug:127.0.0.1 - - [04/Dec/2020 01:23:29] "[37mGET /index HTTP/1.1[0m" 200 -
DEBUG:comtypes:Calling CoUnititialize()
DEBUG:comtypes:CoUnititialize() done.
INFO:werkzeug: * Running on http://127.0.0.1:5000/ (Press CTRL+C to quit)
INFO:werkzeug:127.0.0.1 - - [04/Dec/2020 01:24:30] "[33mGET /index HTTP/1.1[0m" 404 -
INFO:werkzeug:127.0.0.1 - - [04/Dec/2020 01:24:38] "[33mGET /index HTTP/1.1[0m" 404 -
INFO:werkzeug:127.0.0.1 - - [04/Dec/2020 01:24:40] "[33mGET /index HTTP/1.1[0m" 404 -
INFO:root:Main page accessed.
INFO:werkzeug:127.0.0.1 - - [04/Dec/2020 01:24:42] "[37mGET / HTTP/1.1[0m" 200 -
INFO:werkzeug:127.0.0.1 - - [04/Dec/2020 01:24:53] "[33mGET /index?alarm=2020-12-04T01%3A25&two=OKay&news=news&weather=weather HTTP/1.1[0m" 404 -
